#! /opt/homebrew/Cellar/icarus-verilog/12.0/bin/vvp
:ivl_version "12.0 (stable)";
:ivl_delay_selection "TYPICAL";
:vpi_time_precision - 12;
:vpi_module "/opt/homebrew/Cellar/icarus-verilog/12.0/lib/ivl/system.vpi";
:vpi_module "/opt/homebrew/Cellar/icarus-verilog/12.0/lib/ivl/vhdl_sys.vpi";
:vpi_module "/opt/homebrew/Cellar/icarus-verilog/12.0/lib/ivl/vhdl_textio.vpi";
:vpi_module "/opt/homebrew/Cellar/icarus-verilog/12.0/lib/ivl/v2005_math.vpi";
:vpi_module "/opt/homebrew/Cellar/icarus-verilog/12.0/lib/ivl/va_math.vpi";
S_0x105380ae0 .scope module, "tb_fpu" "tb_fpu" 2 3;
 .timescale -9 -12;
v0x7bac65180_0 .var "i_clk", 0 0;
v0x7bac65220_0 .var "i_data_a", 31 0;
v0x7bac652c0_0 .var "i_data_b", 31 0;
v0x7bac65360_0 .var "i_inst", 0 0;
v0x7bac65400_0 .var "i_rst_n", 0 0;
v0x7bac654a0_0 .var "i_valid", 0 0;
v0x7bac65540_0 .net "o_data", 31 0, L_0x7bb01d9d0;  1 drivers
v0x7bac655e0_0 .net "o_valid", 0 0, L_0x7bb01da40;  1 drivers
S_0x105380c60 .scope task, "do_test" "do_test" 2 33, 2 33 0, S_0x105380ae0;
 .timescale -9 -12;
v0x1053780f0_0 .var "a", 31 0;
v0x105378190_0 .var "b", 31 0;
v0x105378230_0 .var "expected", 31 0;
v0x1053782d0_0 .var "op", 0 0;
E_0x7bb04acc0 .event anyedge, v0x7bac64460_0;
E_0x7bb04ad40 .event negedge, v0x105388e10_0;
TD_tb_fpu.do_test ;
    %wait E_0x7bb04ad40;
    %load/vec4 v0x1053780f0_0;
    %store/vec4 v0x7bac65220_0, 0, 32;
    %load/vec4 v0x105378190_0;
    %store/vec4 v0x7bac652c0_0, 0, 32;
    %load/vec4 v0x1053782d0_0;
    %store/vec4 v0x7bac65360_0, 0, 1;
    %pushi/vec4 1, 0, 1;
    %store/vec4 v0x7bac654a0_0, 0, 1;
    %wait E_0x7bb04ad40;
    %pushi/vec4 0, 0, 1;
    %store/vec4 v0x7bac654a0_0, 0, 1;
T_0.0 ;
    %load/vec4 v0x7bac655e0_0;
    %pushi/vec4 1, 0, 1;
    %cmp/e;
    %flag_get/vec4 6;
    %cmpi/ne 1, 0, 1;
    %jmp/0xz T_0.1, 6;
    %wait E_0x7bb04acc0;
    %jmp T_0.0;
T_0.1 ;
    %load/vec4 v0x7bac65540_0;
    %load/vec4 v0x105378230_0;
    %cmp/ne;
    %jmp/0xz  T_0.2, 6;
    %load/vec4 v0x1053782d0_0;
    %flag_set/vec4 8;
    %jmp/0 T_0.4, 8;
    %pushi/vec4 5068108, 0, 24; draw_string_vec4
    %jmp/1 T_0.5, 8;
T_0.4 ; End of true expr.
    %pushi/vec4 4277316, 0, 24; draw_string_vec4
    %jmp/0 T_0.5, 8;
 ; End of false expr.
    %blend;
T_0.5;
    %vpi_call 2 52 "$display", "\342\235\214 FAIL: %s A=%h B=%h | got=%h expected=%h", S<0,vec4,u24>, v0x1053780f0_0, v0x105378190_0, v0x7bac65540_0, v0x105378230_0 {1 0 0};
    %jmp T_0.3;
T_0.2 ;
    %load/vec4 v0x1053782d0_0;
    %flag_set/vec4 8;
    %jmp/0 T_0.6, 8;
    %pushi/vec4 5068108, 0, 24; draw_string_vec4
    %jmp/1 T_0.7, 8;
T_0.6 ; End of true expr.
    %pushi/vec4 4277316, 0, 24; draw_string_vec4
    %jmp/0 T_0.7, 8;
 ; End of false expr.
    %blend;
T_0.7;
    %vpi_call 2 55 "$display", "\342\234\205 PASS: %s A=%h B=%h | result=%h", S<0,vec4,u24>, v0x1053780f0_0, v0x105378190_0, v0x7bac65540_0 {1 0 0};
T_0.3 ;
    %end;
S_0x105386430 .scope module, "dut" "fpu" 2 16, 3 1 0, S_0x105380ae0;
 .timescale 0 0;
    .port_info 0 /INPUT 1 "i_clk";
    .port_info 1 /INPUT 1 "i_rst_n";
    .port_info 2 /INPUT 32 "i_data_a";
    .port_info 3 /INPUT 32 "i_data_b";
    .port_info 4 /INPUT 1 "i_inst";
    .port_info 5 /INPUT 1 "i_valid";
    .port_info 6 /OUTPUT 32 "o_data";
    .port_info 7 /OUTPUT 1 "o_valid";
P_0x105378370 .param/l "DATA_WIDTH" 0 3 2, +C4<00000000000000000000000000100000>;
P_0x1053783b0 .param/l "EXP_WIDTH" 0 3 4, +C4<00000000000000000000000000001000>;
P_0x1053783f0 .param/l "FRAC_WIDTH" 0 3 5, +C4<00000000000000000000000000010111>;
P_0x105378430 .param/l "INST_WIDTH" 0 3 3, +C4<00000000000000000000000000000001>;
L_0x7bb01d9d0 .functor BUFZ 32, v0x7bac64500_0, C4<00000000000000000000000000000000>, C4<00000000000000000000000000000000>, C4<00000000000000000000000000000000>;
L_0x7bb01da40 .functor BUFZ 1, v0x7bac64fa0_0, C4<0>, C4<0>, C4<0>;
v0x105388af0_0 .var "G", 0 0;
v0x105388b90_0 .var "R", 0 0;
v0x105388c30_0 .var "S", 0 0;
v0x105388cd0_0 .var "do_add", 0 0;
v0x105388d70_0 .var/i "i", 31 0;
v0x105388e10_0 .net "i_clk", 0 0, v0x7bac65180_0;  1 drivers
v0x105389730_0 .net "i_data_a", 31 0, v0x7bac65220_0;  1 drivers
v0x7bac64000_0 .net "i_data_b", 31 0, v0x7bac652c0_0;  1 drivers
v0x7bac640a0_0 .net "i_inst", 0 0, v0x7bac65360_0;  1 drivers
v0x7bac64140_0 .net "i_rst_n", 0 0, v0x7bac65400_0;  1 drivers
v0x7bac641e0_0 .net "i_valid", 0 0, v0x7bac654a0_0;  1 drivers
v0x7bac64280_0 .var "is_zero", 0 0;
v0x7bac64320_0 .var "mantissa_with_hidden", 23 0;
v0x7bac643c0_0 .net "o_data", 31 0, L_0x7bb01d9d0;  alias, 1 drivers
v0x7bac64460_0 .net "o_valid", 0 0, L_0x7bb01da40;  alias, 1 drivers
v0x7bac64500_0 .var "r_data", 31 0;
v0x7bac645a0_0 .var "r_exponent_a", 7 0;
v0x7bac64640_0 .var "r_exponent_b", 7 0;
v0x7bac646e0_0 .var "r_exponent_sum", 8 0;
v0x7bac64780_0 .var "r_fraction_a", 22 0;
v0x7bac64820_0 .var "r_fraction_b", 22 0;
v0x7bac648c0_0 .var "r_mantissa_a", 23 0;
v0x7bac64960_0 .var "r_mantissa_a_add", 29 0;
v0x7bac64a00_0 .var "r_mantissa_add", 47 0;
v0x7bac64aa0_0 .var "r_mantissa_b", 23 0;
v0x7bac64b40_0 .var "r_mantissa_b_add", 29 0;
v0x7bac64be0_0 .var "r_mantissa_larger", 0 0;
v0x7bac64c80_0 .var "r_mantissa_prod", 47 0;
v0x7bac64d20_0 .var "r_mantissa_sum", 30 0;
v0x7bac64dc0_0 .var "r_sign", 0 0;
v0x7bac64e60_0 .var "r_sign_a", 0 0;
v0x7bac64f00_0 .var "r_sign_b", 0 0;
v0x7bac64fa0_0 .var "r_valid", 0 0;
v0x7bac65040_0 .var "shift", 7 0;
v0x7bac650e0_0 .var "shifted_out", 0 0;
E_0x7bb04ad80/0 .event negedge, v0x7bac64140_0;
E_0x7bb04ad80/1 .event posedge, v0x105388e10_0;
E_0x7bb04ad80 .event/or E_0x7bb04ad80/0, E_0x7bb04ad80/1;
    .scope S_0x105386430;
T_1 ;
    %wait E_0x7bb04ad80;
    %load/vec4 v0x7bac64140_0;
    %nor/r;
    %flag_set/vec4 8;
    %jmp/0xz  T_1.0, 8;
    %pushi/vec4 0, 0, 32;
    %assign/vec4 v0x7bac64500_0, 0;
    %pushi/vec4 0, 0, 1;
    %assign/vec4 v0x7bac64fa0_0, 0;
    %pushi/vec4 0, 0, 1;
    %assign/vec4 v0x7bac64e60_0, 0;
    %pushi/vec4 0, 0, 8;
    %assign/vec4 v0x7bac645a0_0, 0;
    %pushi/vec4 0, 0, 23;
    %assign/vec4 v0x7bac64780_0, 0;
    %pushi/vec4 0, 0, 24;
    %assign/vec4 v0x7bac648c0_0, 0;
    %pushi/vec4 0, 0, 1;
    %assign/vec4 v0x7bac64f00_0, 0;
    %pushi/vec4 0, 0, 8;
    %assign/vec4 v0x7bac64640_0, 0;
    %pushi/vec4 0, 0, 23;
    %assign/vec4 v0x7bac64820_0, 0;
    %pushi/vec4 0, 0, 24;
    %assign/vec4 v0x7bac64aa0_0, 0;
    %pushi/vec4 0, 0, 1;
    %assign/vec4 v0x7bac64be0_0, 0;
    %pushi/vec4 0, 0, 1;
    %assign/vec4 v0x7bac64dc0_0, 0;
    %pushi/vec4 0, 0, 9;
    %assign/vec4 v0x7bac646e0_0, 0;
    %pushi/vec4 0, 0, 48;
    %assign/vec4 v0x7bac64c80_0, 0;
    %pushi/vec4 0, 0, 48;
    %assign/vec4 v0x7bac64a00_0, 0;
    %pushi/vec4 0, 0, 8;
    %assign/vec4 v0x7bac65040_0, 0;
    %pushi/vec4 0, 0, 31;
    %assign/vec4 v0x7bac64d20_0, 0;
    %pushi/vec4 0, 0, 24;
    %assign/vec4 v0x7bac64320_0, 0;
    %pushi/vec4 0, 0, 1;
    %assign/vec4 v0x105388af0_0, 0;
    %pushi/vec4 0, 0, 1;
    %assign/vec4 v0x105388b90_0, 0;
    %pushi/vec4 0, 0, 1;
    %assign/vec4 v0x105388c30_0, 0;
    %pushi/vec4 0, 0, 1;
    %assign/vec4 v0x7bac64280_0, 0;
    %pushi/vec4 0, 0, 1;
    %assign/vec4 v0x105388cd0_0, 0;
    %pushi/vec4 0, 0, 1;
    %assign/vec4 v0x7bac650e0_0, 0;
    %jmp T_1.1;
T_1.0 ;
    %load/vec4 v0x7bac641e0_0;
    %flag_set/vec4 8;
    %jmp/0xz  T_1.2, 8;
    %load/vec4 v0x7bac640a0_0;
    %dup/vec4;
    %pushi/vec4 0, 0, 1;
    %cmp/u;
    %jmp/1 T_1.4, 6;
    %dup/vec4;
    %pushi/vec4 1, 0, 1;
    %cmp/u;
    %jmp/1 T_1.5, 6;
    %pushi/vec4 0, 0, 32;
    %assign/vec4 v0x7bac64500_0, 0;
    %pushi/vec4 0, 0, 1;
    %assign/vec4 v0x7bac64fa0_0, 0;
    %jmp T_1.7;
T_1.4 ;
    %load/vec4 v0x105389730_0;
    %parti/s 1, 31, 6;
    %store/vec4 v0x7bac64e60_0, 0, 1;
    %load/vec4 v0x105389730_0;
    %parti/s 8, 23, 6;
    %store/vec4 v0x7bac645a0_0, 0, 8;
    %load/vec4 v0x105389730_0;
    %parti/s 23, 0, 2;
    %store/vec4 v0x7bac64780_0, 0, 23;
    %pushi/vec4 1, 0, 1;
    %load/vec4 v0x7bac64780_0;
    %concat/vec4; draw_concat_vec4
    %concati/vec4 0, 0, 6;
    %store/vec4 v0x7bac64960_0, 0, 30;
    %load/vec4 v0x7bac64000_0;
    %parti/s 1, 31, 6;
    %store/vec4 v0x7bac64f00_0, 0, 1;
    %load/vec4 v0x7bac64000_0;
    %parti/s 8, 23, 6;
    %store/vec4 v0x7bac64640_0, 0, 8;
    %load/vec4 v0x7bac64000_0;
    %parti/s 23, 0, 2;
    %store/vec4 v0x7bac64820_0, 0, 23;
    %pushi/vec4 1, 0, 1;
    %load/vec4 v0x7bac64820_0;
    %concat/vec4; draw_concat_vec4
    %concati/vec4 0, 0, 6;
    %store/vec4 v0x7bac64b40_0, 0, 30;
    %pushi/vec4 0, 0, 1;
    %store/vec4 v0x7bac64280_0, 0, 1;
    %pushi/vec4 0, 0, 1;
    %store/vec4 v0x7bac64be0_0, 0, 1;
    %pushi/vec4 0, 0, 1;
    %store/vec4 v0x7bac650e0_0, 0, 1;
    %load/vec4 v0x7bac64e60_0;
    %load/vec4 v0x7bac64f00_0;
    %cmp/e;
    %jmp/0xz  T_1.8, 4;
    %pushi/vec4 1, 0, 1;
    %store/vec4 v0x105388cd0_0, 0, 1;
    %load/vec4 v0x7bac64e60_0;
    %store/vec4 v0x7bac64dc0_0, 0, 1;
    %jmp T_1.9;
T_1.8 ;
    %pushi/vec4 0, 0, 1;
    %store/vec4 v0x105388cd0_0, 0, 1;
    %load/vec4 v0x7bac64640_0;
    %load/vec4 v0x7bac645a0_0;
    %cmp/u;
    %jmp/1 T_1.12, 5;
    %flag_mov 8, 5;
    %load/vec4 v0x7bac645a0_0;
    %load/vec4 v0x7bac64640_0;
    %cmp/e;
    %flag_get/vec4 4;
    %jmp/0 T_1.13, 4;
    %load/vec4 v0x7bac64820_0;
    %load/vec4 v0x7bac64780_0;
    %cmp/u;
    %flag_get/vec4 4;
    %flag_get/vec4 5;
    %or;
    %and;
T_1.13;
    %flag_set/vec4 9;
    %flag_or 9, 8;
    %flag_mov 5, 9;
T_1.12;
    %jmp/0xz  T_1.10, 5;
    %load/vec4 v0x7bac64e60_0;
    %store/vec4 v0x7bac64dc0_0, 0, 1;
    %pushi/vec4 0, 0, 1;
    %store/vec4 v0x7bac64be0_0, 0, 1;
    %jmp T_1.11;
T_1.10 ;
    %load/vec4 v0x7bac64f00_0;
    %store/vec4 v0x7bac64dc0_0, 0, 1;
    %pushi/vec4 1, 0, 1;
    %store/vec4 v0x7bac64be0_0, 0, 1;
T_1.11 ;
T_1.9 ;
    %load/vec4 v0x7bac64640_0;
    %load/vec4 v0x7bac645a0_0;
    %cmp/u;
    %jmp/0xz  T_1.14, 5;
    %load/vec4 v0x7bac645a0_0;
    %load/vec4 v0x7bac64640_0;
    %sub;
    %store/vec4 v0x7bac65040_0, 0, 8;
    %pushi/vec4 0, 0, 1;
    %store/vec4 v0x7bac650e0_0, 0, 1;
    %pushi/vec4 0, 0, 32;
    %store/vec4 v0x105388d70_0, 0, 32;
T_1.16 ;
    %load/vec4 v0x105388d70_0;
    %load/vec4 v0x7bac65040_0;
    %pad/u 32;
    %cmp/u;
    %flag_get/vec4 5;
    %jmp/0 T_1.18, 5;
    %load/vec4 v0x105388d70_0;
    %cmpi/s 30, 0, 32;
    %flag_get/vec4 5;
    %and;
T_1.18;
    %flag_set/vec4 8;
    %jmp/0xz T_1.17, 8;
    ; show_stmt_assign_vector: Get l-value for compressed |= operand
    %load/vec4 v0x7bac650e0_0;
    %load/vec4 v0x7bac64b40_0;
    %load/vec4 v0x105388d70_0;
    %part/s 1;
    %or;
    %store/vec4 v0x7bac650e0_0, 0, 1;
    %load/vec4 v0x105388d70_0;
    %addi 1, 0, 32;
    %store/vec4 v0x105388d70_0, 0, 32;
    %jmp T_1.16;
T_1.17 ;
    %load/vec4 v0x7bac64b40_0;
    %ix/getv 4, v0x7bac65040_0;
    %shiftr 4;
    %store/vec4 v0x7bac64b40_0, 0, 30;
    %load/vec4 v0x7bac645a0_0;
    %pad/u 9;
    %store/vec4 v0x7bac646e0_0, 0, 9;
    %jmp T_1.15;
T_1.14 ;
    %load/vec4 v0x7bac64640_0;
    %load/vec4 v0x7bac645a0_0;
    %sub;
    %store/vec4 v0x7bac65040_0, 0, 8;
    %pushi/vec4 0, 0, 1;
    %store/vec4 v0x7bac650e0_0, 0, 1;
    %pushi/vec4 0, 0, 32;
    %store/vec4 v0x105388d70_0, 0, 32;
T_1.19 ;
    %load/vec4 v0x105388d70_0;
    %load/vec4 v0x7bac65040_0;
    %pad/u 32;
    %cmp/u;
    %flag_get/vec4 5;
    %jmp/0 T_1.21, 5;
    %load/vec4 v0x105388d70_0;
    %cmpi/s 30, 0, 32;
    %flag_get/vec4 5;
    %and;
T_1.21;
    %flag_set/vec4 8;
    %jmp/0xz T_1.20, 8;
    ; show_stmt_assign_vector: Get l-value for compressed |= operand
    %load/vec4 v0x7bac650e0_0;
    %load/vec4 v0x7bac64960_0;
    %load/vec4 v0x105388d70_0;
    %part/s 1;
    %or;
    %store/vec4 v0x7bac650e0_0, 0, 1;
    %load/vec4 v0x105388d70_0;
    %addi 1, 0, 32;
    %store/vec4 v0x105388d70_0, 0, 32;
    %jmp T_1.19;
T_1.20 ;
    %load/vec4 v0x7bac64960_0;
    %ix/getv 4, v0x7bac65040_0;
    %shiftr 4;
    %store/vec4 v0x7bac64960_0, 0, 30;
    %load/vec4 v0x7bac64640_0;
    %pad/u 9;
    %store/vec4 v0x7bac646e0_0, 0, 9;
T_1.15 ;
    %load/vec4 v0x105388cd0_0;
    %flag_set/vec4 8;
    %jmp/0xz  T_1.22, 8;
    %load/vec4 v0x7bac64960_0;
    %pad/u 31;
    %load/vec4 v0x7bac64b40_0;
    %pad/u 31;
    %add;
    %store/vec4 v0x7bac64d20_0, 0, 31;
    %jmp T_1.23;
T_1.22 ;
    %load/vec4 v0x7bac64be0_0;
    %nor/r;
    %flag_set/vec4 8;
    %jmp/0 T_1.24, 8;
    %load/vec4 v0x7bac64960_0;
    %pad/u 31;
    %load/vec4 v0x7bac64b40_0;
    %pad/u 31;
    %sub;
    %jmp/1 T_1.25, 8;
T_1.24 ; End of true expr.
    %load/vec4 v0x7bac64b40_0;
    %pad/u 31;
    %load/vec4 v0x7bac64960_0;
    %pad/u 31;
    %sub;
    %jmp/0 T_1.25, 8;
 ; End of false expr.
    %blend;
T_1.25;
    %store/vec4 v0x7bac64d20_0, 0, 31;
T_1.23 ;
    %load/vec4 v0x7bac64d20_0;
    %pad/u 32;
    %cmpi/e 0, 0, 32;
    %jmp/0xz  T_1.26, 4;
    %pushi/vec4 0, 0, 32;
    %assign/vec4 v0x7bac64500_0, 0;
    %pushi/vec4 1, 0, 1;
    %assign/vec4 v0x7bac64fa0_0, 0;
    %jmp T_1.27;
T_1.26 ;
    %load/vec4 v0x7bac64d20_0;
    %parti/s 1, 30, 6;
    %flag_set/vec4 8;
    %jmp/0xz  T_1.28, 8;
    %load/vec4 v0x7bac64d20_0;
    %ix/load 4, 1, 0;
    %flag_set/imm 4, 0;
    %shiftr 4;
    %store/vec4 v0x7bac64d20_0, 0, 31;
    %load/vec4 v0x7bac646e0_0;
    %addi 1, 0, 9;
    %store/vec4 v0x7bac646e0_0, 0, 9;
    %jmp T_1.29;
T_1.28 ;
T_1.30 ;
    %load/vec4 v0x7bac64d20_0;
    %parti/s 1, 29, 6;
    %nor/r;
    %flag_set/vec4 9;
    %flag_get/vec4 9;
    %jmp/0 T_1.32, 9;
    %pushi/vec4 0, 0, 32;
    %load/vec4 v0x7bac646e0_0;
    %pad/u 32;
    %cmp/u;
    %flag_get/vec4 5;
    %and;
T_1.32;
    %flag_set/vec4 8;
    %jmp/0xz T_1.31, 8;
    %load/vec4 v0x7bac64d20_0;
    %ix/load 4, 1, 0;
    %flag_set/imm 4, 0;
    %shiftl 4;
    %store/vec4 v0x7bac64d20_0, 0, 31;
    %load/vec4 v0x7bac646e0_0;
    %subi 1, 0, 9;
    %store/vec4 v0x7bac646e0_0, 0, 9;
    %jmp T_1.30;
T_1.31 ;
T_1.29 ;
    %load/vec4 v0x7bac64d20_0;
    %parti/s 1, 5, 4;
    %store/vec4 v0x105388b90_0, 0, 1;
    %load/vec4 v0x7bac64d20_0;
    %parti/s 5, 0, 2;
    %or/r;
    %load/vec4 v0x7bac650e0_0;
    %or;
    %store/vec4 v0x105388c30_0, 0, 1;
    %load/vec4 v0x105388b90_0;
    %load/vec4 v0x105388c30_0;
    %and;
    %flag_set/vec4 8;
    %jmp/0xz  T_1.33, 8;
    %load/vec4 v0x7bac64d20_0;
    %addi 64, 0, 31;
    %store/vec4 v0x7bac64d20_0, 0, 31;
T_1.33 ;
    %load/vec4 v0x7bac64d20_0;
    %parti/s 1, 30, 6;
    %flag_set/vec4 8;
    %jmp/0xz  T_1.35, 8;
    %load/vec4 v0x7bac64d20_0;
    %ix/load 4, 1, 0;
    %flag_set/imm 4, 0;
    %shiftr 4;
    %store/vec4 v0x7bac64d20_0, 0, 31;
    %load/vec4 v0x7bac646e0_0;
    %addi 1, 0, 9;
    %store/vec4 v0x7bac646e0_0, 0, 9;
T_1.35 ;
    %load/vec4 v0x7bac64d20_0;
    %parti/s 1, 30, 6;
    %flag_set/vec4 8;
    %jmp/0xz  T_1.37, 8;
    %load/vec4 v0x7bac64d20_0;
    %ix/load 4, 1, 0;
    %flag_set/imm 4, 0;
    %shiftr 4;
    %store/vec4 v0x7bac64d20_0, 0, 31;
    %load/vec4 v0x7bac646e0_0;
    %addi 1, 0, 9;
    %store/vec4 v0x7bac646e0_0, 0, 9;
    %jmp T_1.38;
T_1.37 ;
    %load/vec4 v0x7bac64d20_0;
    %parti/s 1, 29, 6;
    %nor/r;
    %flag_set/vec4 8;
    %jmp/0xz  T_1.39, 8;
T_1.41 ;
    %load/vec4 v0x7bac64d20_0;
    %parti/s 1, 29, 6;
    %nor/r;
    %flag_set/vec4 9;
    %flag_get/vec4 9;
    %jmp/0 T_1.43, 9;
    %pushi/vec4 0, 0, 32;
    %load/vec4 v0x7bac646e0_0;
    %pad/u 32;
    %cmp/u;
    %flag_get/vec4 5;
    %and;
T_1.43;
    %flag_set/vec4 8;
    %jmp/0xz T_1.42, 8;
    %load/vec4 v0x7bac64d20_0;
    %ix/load 4, 1, 0;
    %flag_set/imm 4, 0;
    %shiftl 4;
    %store/vec4 v0x7bac64d20_0, 0, 31;
    %load/vec4 v0x7bac646e0_0;
    %subi 1, 0, 9;
    %store/vec4 v0x7bac646e0_0, 0, 9;
    %jmp T_1.41;
T_1.42 ;
T_1.39 ;
T_1.38 ;
    %load/vec4 v0x7bac64dc0_0;
    %load/vec4 v0x7bac646e0_0;
    %parti/s 8, 0, 2;
    %concat/vec4; draw_concat_vec4
    %load/vec4 v0x7bac64d20_0;
    %parti/s 23, 6, 4;
    %concat/vec4; draw_concat_vec4
    %store/vec4 v0x7bac64500_0, 0, 32;
    %pushi/vec4 1, 0, 1;
    %assign/vec4 v0x7bac64fa0_0, 0;
T_1.27 ;
    %jmp T_1.7;
T_1.5 ;
    %load/vec4 v0x105389730_0;
    %parti/s 1, 31, 6;
    %store/vec4 v0x7bac64e60_0, 0, 1;
    %load/vec4 v0x105389730_0;
    %parti/s 8, 23, 6;
    %store/vec4 v0x7bac645a0_0, 0, 8;
    %load/vec4 v0x105389730_0;
    %parti/s 23, 0, 2;
    %store/vec4 v0x7bac64780_0, 0, 23;
    %pushi/vec4 1, 0, 1;
    %load/vec4 v0x7bac64780_0;
    %concat/vec4; draw_concat_vec4
    %store/vec4 v0x7bac648c0_0, 0, 24;
    %load/vec4 v0x7bac64000_0;
    %parti/s 1, 31, 6;
    %store/vec4 v0x7bac64f00_0, 0, 1;
    %load/vec4 v0x7bac64000_0;
    %parti/s 8, 23, 6;
    %store/vec4 v0x7bac64640_0, 0, 8;
    %load/vec4 v0x7bac64000_0;
    %parti/s 23, 0, 2;
    %store/vec4 v0x7bac64820_0, 0, 23;
    %pushi/vec4 1, 0, 1;
    %load/vec4 v0x7bac64820_0;
    %concat/vec4; draw_concat_vec4
    %store/vec4 v0x7bac64aa0_0, 0, 24;
    %load/vec4 v0x7bac64e60_0;
    %load/vec4 v0x7bac64f00_0;
    %xor;
    %store/vec4 v0x7bac64dc0_0, 0, 1;
    %load/vec4 v0x7bac645a0_0;
    %pad/u 9;
    %load/vec4 v0x7bac64640_0;
    %pad/u 9;
    %add;
    %subi 127, 0, 9;
    %store/vec4 v0x7bac646e0_0, 0, 9;
    %load/vec4 v0x7bac648c0_0;
    %pad/u 48;
    %load/vec4 v0x7bac64aa0_0;
    %pad/u 48;
    %mul;
    %store/vec4 v0x7bac64c80_0, 0, 48;
    %vpi_call 3 248 "$display", "MULT DEBUG: A=%h B=%h mantA=%h mantB=%h prod=%h exp_sum=%0d", v0x105389730_0, v0x7bac64000_0, v0x7bac648c0_0, v0x7bac64aa0_0, v0x7bac64c80_0, v0x7bac646e0_0 {0 0 0};
    %load/vec4 v0x7bac64c80_0;
    %parti/s 1, 47, 7;
    %flag_set/vec4 8;
    %jmp/0xz  T_1.44, 8;
    %load/vec4 v0x7bac64c80_0;
    %ix/load 4, 1, 0;
    %flag_set/imm 4, 0;
    %shiftr 4;
    %store/vec4 v0x7bac64c80_0, 0, 48;
    %load/vec4 v0x7bac646e0_0;
    %addi 1, 0, 9;
    %store/vec4 v0x7bac646e0_0, 0, 9;
    %vpi_call 3 255 "$display", "MULT DEBUG: Normalized right shift -> prod=%h exp_sum=%0d", v0x7bac64c80_0, v0x7bac646e0_0 {0 0 0};
    %jmp T_1.45;
T_1.44 ;
    %load/vec4 v0x7bac64c80_0;
    %parti/s 1, 46, 7;
    %nor/r;
    %flag_set/vec4 8;
    %jmp/0xz  T_1.46, 8;
T_1.48 ;
    %load/vec4 v0x7bac64c80_0;
    %parti/s 1, 46, 7;
    %nor/r;
    %flag_set/vec4 9;
    %flag_get/vec4 9;
    %jmp/0 T_1.50, 9;
    %pushi/vec4 0, 0, 32;
    %load/vec4 v0x7bac646e0_0;
    %pad/u 32;
    %cmp/u;
    %flag_get/vec4 5;
    %and;
T_1.50;
    %flag_set/vec4 8;
    %jmp/0xz T_1.49, 8;
    %load/vec4 v0x7bac64c80_0;
    %ix/load 4, 1, 0;
    %flag_set/imm 4, 0;
    %shiftl 4;
    %store/vec4 v0x7bac64c80_0, 0, 48;
    %load/vec4 v0x7bac646e0_0;
    %subi 1, 0, 9;
    %store/vec4 v0x7bac646e0_0, 0, 9;
    %jmp T_1.48;
T_1.49 ;
    %vpi_call 3 261 "$display", "MULT DEBUG: Normalized left shift -> prod=%h exp_sum=%0d", v0x7bac64c80_0, v0x7bac646e0_0 {0 0 0};
T_1.46 ;
T_1.45 ;
    %load/vec4 v0x7bac64c80_0;
    %parti/s 24, 23, 6;
    %store/vec4 v0x7bac64320_0, 0, 24;
    %load/vec4 v0x7bac64c80_0;
    %parti/s 1, 22, 6;
    %store/vec4 v0x105388b90_0, 0, 1;
    %load/vec4 v0x7bac64c80_0;
    %parti/s 22, 0, 2;
    %or/r;
    %store/vec4 v0x105388c30_0, 0, 1;
    %vpi_call 3 269 "$display", "MULT DEBUG: Pre-round mant=%h R=%b S=%b LSB=%b", v0x7bac64320_0, v0x105388b90_0, v0x105388c30_0, &PV<v0x7bac64320_0, 0, 1> {0 0 0};
    %load/vec4 v0x105388b90_0;
    %load/vec4 v0x105388c30_0;
    %load/vec4 v0x7bac64320_0;
    %parti/s 1, 0, 2;
    %or;
    %and;
    %flag_set/vec4 8;
    %jmp/0xz  T_1.51, 8;
    %load/vec4 v0x7bac64320_0;
    %addi 1, 0, 24;
    %store/vec4 v0x7bac64320_0, 0, 24;
    %load/vec4 v0x7bac64320_0;
    %parti/s 1, 23, 6;
    %flag_set/vec4 8;
    %jmp/0xz  T_1.53, 8;
    ; show_stmt_assign_vector: Get l-value for compressed r= operand
    %load/vec4 v0x7bac64320_0;
    %pushi/vec4 1, 0, 24;
    %ix/vec4 4;
    %shiftr 4;
    %store/vec4 v0x7bac64320_0, 0, 24;
    %load/vec4 v0x7bac646e0_0;
    %addi 1, 0, 9;
    %store/vec4 v0x7bac646e0_0, 0, 9;
    %vpi_call 3 279 "$display", "MULT DEBUG: Rounded overflow -> mant=%h exp_sum=%0d", v0x7bac64320_0, v0x7bac646e0_0 {0 0 0};
T_1.53 ;
T_1.51 ;
    %load/vec4 v0x105389730_0;
    %parti/s 31, 0, 2;
    %pad/u 32;
    %cmpi/e 0, 0, 32;
    %jmp/1 T_1.57, 4;
    %flag_mov 8, 4;
    %load/vec4 v0x7bac64000_0;
    %parti/s 31, 0, 2;
    %pad/u 32;
    %cmpi/e 0, 0, 32;
    %flag_or 4, 8;
T_1.57;
    %jmp/0xz  T_1.55, 4;
    %pushi/vec4 0, 0, 32;
    %assign/vec4 v0x7bac64500_0, 0;
    %jmp T_1.56;
T_1.55 ;
    %load/vec4 v0x7bac64dc0_0;
    %load/vec4 v0x7bac646e0_0;
    %parti/s 8, 0, 2;
    %concat/vec4; draw_concat_vec4
    %load/vec4 v0x7bac64320_0;
    %parti/s 23, 0, 2;
    %concat/vec4; draw_concat_vec4
    %assign/vec4 v0x7bac64500_0, 0;
T_1.56 ;
    %pushi/vec4 1, 0, 1;
    %assign/vec4 v0x7bac64fa0_0, 0;
    %vpi_call 3 290 "$display", "MULT RESULT: r_data=%h", v0x7bac64500_0 {0 0 0};
    %jmp T_1.7;
T_1.7 ;
    %pop/vec4 1;
    %jmp T_1.3;
T_1.2 ;
    %pushi/vec4 0, 0, 32;
    %assign/vec4 v0x7bac64500_0, 0;
    %pushi/vec4 0, 0, 1;
    %assign/vec4 v0x7bac64fa0_0, 0;
T_1.3 ;
T_1.1 ;
    %jmp T_1;
    .thread T_1;
    .scope S_0x105380ae0;
T_2 ;
    %delay 5000, 0;
    %load/vec4 v0x7bac65180_0;
    %inv;
    %store/vec4 v0x7bac65180_0, 0, 1;
    %jmp T_2;
    .thread T_2;
    .scope S_0x105380ae0;
T_3 ;
    %pushi/vec4 0, 0, 1;
    %store/vec4 v0x7bac65180_0, 0, 1;
    %pushi/vec4 0, 0, 1;
    %store/vec4 v0x7bac65400_0, 0, 1;
    %pushi/vec4 0, 0, 32;
    %store/vec4 v0x7bac65220_0, 0, 32;
    %pushi/vec4 0, 0, 32;
    %store/vec4 v0x7bac652c0_0, 0, 32;
    %pushi/vec4 0, 0, 1;
    %store/vec4 v0x7bac65360_0, 0, 1;
    %pushi/vec4 0, 0, 1;
    %store/vec4 v0x7bac654a0_0, 0, 1;
    %delay 20000, 0;
    %pushi/vec4 1, 0, 1;
    %store/vec4 v0x7bac65400_0, 0, 1;
    %pushi/vec4 1065353216, 0, 32;
    %store/vec4 v0x1053780f0_0, 0, 32;
    %pushi/vec4 1065353216, 0, 32;
    %store/vec4 v0x105378190_0, 0, 32;
    %pushi/vec4 1065353216, 0, 32;
    %store/vec4 v0x105378230_0, 0, 32;
    %pushi/vec4 1, 0, 1;
    %store/vec4 v0x1053782d0_0, 0, 1;
    %fork TD_tb_fpu.do_test, S_0x105380c60;
    %join;
    %pushi/vec4 1073741824, 0, 32;
    %store/vec4 v0x1053780f0_0, 0, 32;
    %pushi/vec4 1077936128, 0, 32;
    %store/vec4 v0x105378190_0, 0, 32;
    %pushi/vec4 1086324736, 0, 32;
    %store/vec4 v0x105378230_0, 0, 32;
    %pushi/vec4 1, 0, 1;
    %store/vec4 v0x1053782d0_0, 0, 1;
    %fork TD_tb_fpu.do_test, S_0x105380c60;
    %join;
    %pushi/vec4 3212836864, 0, 32;
    %store/vec4 v0x1053780f0_0, 0, 32;
    %pushi/vec4 3212836864, 0, 32;
    %store/vec4 v0x105378190_0, 0, 32;
    %pushi/vec4 1065353216, 0, 32;
    %store/vec4 v0x105378230_0, 0, 32;
    %pushi/vec4 1, 0, 1;
    %store/vec4 v0x1053782d0_0, 0, 1;
    %fork TD_tb_fpu.do_test, S_0x105380c60;
    %join;
    %pushi/vec4 3212836864, 0, 32;
    %store/vec4 v0x1053780f0_0, 0, 32;
    %pushi/vec4 1073741824, 0, 32;
    %store/vec4 v0x105378190_0, 0, 32;
    %pushi/vec4 3221225472, 0, 32;
    %store/vec4 v0x105378230_0, 0, 32;
    %pushi/vec4 1, 0, 1;
    %store/vec4 v0x1053782d0_0, 0, 1;
    %fork TD_tb_fpu.do_test, S_0x105380c60;
    %join;
    %pushi/vec4 1056964608, 0, 32;
    %store/vec4 v0x1053780f0_0, 0, 32;
    %pushi/vec4 1056964608, 0, 32;
    %store/vec4 v0x105378190_0, 0, 32;
    %pushi/vec4 1048576000, 0, 32;
    %store/vec4 v0x105378230_0, 0, 32;
    %pushi/vec4 1, 0, 1;
    %store/vec4 v0x1053782d0_0, 0, 1;
    %fork TD_tb_fpu.do_test, S_0x105380c60;
    %join;
    %pushi/vec4 1069547520, 0, 32;
    %store/vec4 v0x1053780f0_0, 0, 32;
    %pushi/vec4 1069547520, 0, 32;
    %store/vec4 v0x105378190_0, 0, 32;
    %pushi/vec4 1074790400, 0, 32;
    %store/vec4 v0x105378230_0, 0, 32;
    %pushi/vec4 1, 0, 1;
    %store/vec4 v0x1053782d0_0, 0, 1;
    %fork TD_tb_fpu.do_test, S_0x105380c60;
    %join;
    %pushi/vec4 1077936128, 0, 32;
    %store/vec4 v0x1053780f0_0, 0, 32;
    %pushi/vec4 1065353216, 0, 32;
    %store/vec4 v0x105378190_0, 0, 32;
    %pushi/vec4 1077936128, 0, 32;
    %store/vec4 v0x105378230_0, 0, 32;
    %pushi/vec4 1, 0, 1;
    %store/vec4 v0x1053782d0_0, 0, 1;
    %fork TD_tb_fpu.do_test, S_0x105380c60;
    %join;
    %pushi/vec4 1065353216, 0, 32;
    %store/vec4 v0x1053780f0_0, 0, 32;
    %pushi/vec4 1077936128, 0, 32;
    %store/vec4 v0x105378190_0, 0, 32;
    %pushi/vec4 1077936128, 0, 32;
    %store/vec4 v0x105378230_0, 0, 32;
    %pushi/vec4 1, 0, 1;
    %store/vec4 v0x1053782d0_0, 0, 1;
    %fork TD_tb_fpu.do_test, S_0x105380c60;
    %join;
    %pushi/vec4 1051372203, 0, 32;
    %store/vec4 v0x1053780f0_0, 0, 32;
    %pushi/vec4 1056964608, 0, 32;
    %store/vec4 v0x105378190_0, 0, 32;
    %pushi/vec4 1048576000, 0, 32;
    %store/vec4 v0x105378230_0, 0, 32;
    %pushi/vec4 1, 0, 1;
    %store/vec4 v0x1053782d0_0, 0, 1;
    %fork TD_tb_fpu.do_test, S_0x105380c60;
    %join;
    %pushi/vec4 1065353216, 0, 32;
    %store/vec4 v0x1053780f0_0, 0, 32;
    %pushi/vec4 1051372203, 0, 32;
    %store/vec4 v0x105378190_0, 0, 32;
    %pushi/vec4 1051372203, 0, 32;
    %store/vec4 v0x105378230_0, 0, 32;
    %pushi/vec4 1, 0, 1;
    %store/vec4 v0x1053782d0_0, 0, 1;
    %fork TD_tb_fpu.do_test, S_0x105380c60;
    %join;
    %pushi/vec4 1065353216, 0, 32;
    %store/vec4 v0x1053780f0_0, 0, 32;
    %pushi/vec4 3212836864, 0, 32;
    %store/vec4 v0x105378190_0, 0, 32;
    %pushi/vec4 3212836864, 0, 32;
    %store/vec4 v0x105378230_0, 0, 32;
    %pushi/vec4 1, 0, 1;
    %store/vec4 v0x1053782d0_0, 0, 1;
    %fork TD_tb_fpu.do_test, S_0x105380c60;
    %join;
    %pushi/vec4 1077936128, 0, 32;
    %store/vec4 v0x1053780f0_0, 0, 32;
    %pushi/vec4 3212836864, 0, 32;
    %store/vec4 v0x105378190_0, 0, 32;
    %pushi/vec4 3225419776, 0, 32;
    %store/vec4 v0x105378230_0, 0, 32;
    %pushi/vec4 1, 0, 1;
    %store/vec4 v0x1053782d0_0, 0, 1;
    %fork TD_tb_fpu.do_test, S_0x105380c60;
    %join;
    %pushi/vec4 1082130432, 0, 32;
    %store/vec4 v0x1053780f0_0, 0, 32;
    %pushi/vec4 1073741824, 0, 32;
    %store/vec4 v0x105378190_0, 0, 32;
    %pushi/vec4 1090519040, 0, 32;
    %store/vec4 v0x105378230_0, 0, 32;
    %pushi/vec4 1, 0, 1;
    %store/vec4 v0x1053782d0_0, 0, 1;
    %fork TD_tb_fpu.do_test, S_0x105380c60;
    %join;
    %pushi/vec4 1056964608, 0, 32;
    %store/vec4 v0x1053780f0_0, 0, 32;
    %pushi/vec4 1077936128, 0, 32;
    %store/vec4 v0x105378190_0, 0, 32;
    %pushi/vec4 1075838976, 0, 32;
    %store/vec4 v0x105378230_0, 0, 32;
    %pushi/vec4 1, 0, 1;
    %store/vec4 v0x1053782d0_0, 0, 1;
    %fork TD_tb_fpu.do_test, S_0x105380c60;
    %join;
    %pushi/vec4 1077936128, 0, 32;
    %store/vec4 v0x1053780f0_0, 0, 32;
    %pushi/vec4 1056964608, 0, 32;
    %store/vec4 v0x105378190_0, 0, 32;
    %pushi/vec4 1075838976, 0, 32;
    %store/vec4 v0x105378230_0, 0, 32;
    %pushi/vec4 1, 0, 1;
    %store/vec4 v0x1053782d0_0, 0, 1;
    %fork TD_tb_fpu.do_test, S_0x105380c60;
    %join;
    %pushi/vec4 1065353216, 0, 32;
    %store/vec4 v0x1053780f0_0, 0, 32;
    %pushi/vec4 1065353216, 0, 32;
    %store/vec4 v0x105378190_0, 0, 32;
    %pushi/vec4 1065353216, 0, 32;
    %store/vec4 v0x105378230_0, 0, 32;
    %pushi/vec4 1, 0, 1;
    %store/vec4 v0x1053782d0_0, 0, 1;
    %fork TD_tb_fpu.do_test, S_0x105380c60;
    %join;
    %pushi/vec4 1082130432, 0, 32;
    %store/vec4 v0x1053780f0_0, 0, 32;
    %pushi/vec4 1082130432, 0, 32;
    %store/vec4 v0x105378190_0, 0, 32;
    %pushi/vec4 1090519040, 0, 32;
    %store/vec4 v0x105378230_0, 0, 32;
    %pushi/vec4 1, 0, 1;
    %store/vec4 v0x1053782d0_0, 0, 1;
    %fork TD_tb_fpu.do_test, S_0x105380c60;
    %join;
    %pushi/vec4 3229614080, 0, 32;
    %store/vec4 v0x1053780f0_0, 0, 32;
    %pushi/vec4 1082130432, 0, 32;
    %store/vec4 v0x105378190_0, 0, 32;
    %pushi/vec4 3238002688, 0, 32;
    %store/vec4 v0x105378230_0, 0, 32;
    %pushi/vec4 1, 0, 1;
    %store/vec4 v0x1053782d0_0, 0, 1;
    %fork TD_tb_fpu.do_test, S_0x105380c60;
    %join;
    %pushi/vec4 1065353216, 0, 32;
    %store/vec4 v0x1053780f0_0, 0, 32;
    %pushi/vec4 1069547520, 0, 32;
    %store/vec4 v0x105378190_0, 0, 32;
    %pushi/vec4 1069547520, 0, 32;
    %store/vec4 v0x105378230_0, 0, 32;
    %pushi/vec4 1, 0, 1;
    %store/vec4 v0x1053782d0_0, 0, 1;
    %fork TD_tb_fpu.do_test, S_0x105380c60;
    %join;
    %pushi/vec4 1069547520, 0, 32;
    %store/vec4 v0x1053780f0_0, 0, 32;
    %pushi/vec4 1073741824, 0, 32;
    %store/vec4 v0x105378190_0, 0, 32;
    %pushi/vec4 1077936128, 0, 32;
    %store/vec4 v0x105378230_0, 0, 32;
    %pushi/vec4 1, 0, 1;
    %store/vec4 v0x1053782d0_0, 0, 1;
    %fork TD_tb_fpu.do_test, S_0x105380c60;
    %join;
    %pushi/vec4 1077936128, 0, 32;
    %store/vec4 v0x1053780f0_0, 0, 32;
    %pushi/vec4 1077936128, 0, 32;
    %store/vec4 v0x105378190_0, 0, 32;
    %pushi/vec4 1086324736, 0, 32;
    %store/vec4 v0x105378230_0, 0, 32;
    %pushi/vec4 1, 0, 1;
    %store/vec4 v0x1053782d0_0, 0, 1;
    %fork TD_tb_fpu.do_test, S_0x105380c60;
    %join;
    %pushi/vec4 1084227584, 0, 32;
    %store/vec4 v0x1053780f0_0, 0, 32;
    %pushi/vec4 1077936128, 0, 32;
    %store/vec4 v0x105378190_0, 0, 32;
    %pushi/vec4 1092616192, 0, 32;
    %store/vec4 v0x105378230_0, 0, 32;
    %pushi/vec4 1, 0, 1;
    %store/vec4 v0x1053782d0_0, 0, 1;
    %fork TD_tb_fpu.do_test, S_0x105380c60;
    %join;
    %pushi/vec4 1086324736, 0, 32;
    %store/vec4 v0x1053780f0_0, 0, 32;
    %pushi/vec4 1086324736, 0, 32;
    %store/vec4 v0x105378190_0, 0, 32;
    %pushi/vec4 1098907648, 0, 32;
    %store/vec4 v0x105378230_0, 0, 32;
    %pushi/vec4 1, 0, 1;
    %store/vec4 v0x1053782d0_0, 0, 1;
    %fork TD_tb_fpu.do_test, S_0x105380c60;
    %join;
    %pushi/vec4 3225419776, 0, 32;
    %store/vec4 v0x1053780f0_0, 0, 32;
    %pushi/vec4 3225419776, 0, 32;
    %store/vec4 v0x105378190_0, 0, 32;
    %pushi/vec4 1090519040, 0, 32;
    %store/vec4 v0x105378230_0, 0, 32;
    %pushi/vec4 1, 0, 1;
    %store/vec4 v0x1053782d0_0, 0, 1;
    %fork TD_tb_fpu.do_test, S_0x105380c60;
    %join;
    %pushi/vec4 1077936128, 0, 32;
    %store/vec4 v0x1053780f0_0, 0, 32;
    %pushi/vec4 3225419776, 0, 32;
    %store/vec4 v0x105378190_0, 0, 32;
    %pushi/vec4 3225419776, 0, 32;
    %store/vec4 v0x105378230_0, 0, 32;
    %pushi/vec4 1, 0, 1;
    %store/vec4 v0x1053782d0_0, 0, 1;
    %fork TD_tb_fpu.do_test, S_0x105380c60;
    %join;
    %pushi/vec4 1065353216, 0, 32;
    %store/vec4 v0x1053780f0_0, 0, 32;
    %pushi/vec4 1082130432, 0, 32;
    %store/vec4 v0x105378190_0, 0, 32;
    %pushi/vec4 1082130432, 0, 32;
    %store/vec4 v0x105378230_0, 0, 32;
    %pushi/vec4 1, 0, 1;
    %store/vec4 v0x1053782d0_0, 0, 1;
    %fork TD_tb_fpu.do_test, S_0x105380c60;
    %join;
    %pushi/vec4 1082130432, 0, 32;
    %store/vec4 v0x1053780f0_0, 0, 32;
    %pushi/vec4 1065353216, 0, 32;
    %store/vec4 v0x105378190_0, 0, 32;
    %pushi/vec4 1082130432, 0, 32;
    %store/vec4 v0x105378230_0, 0, 32;
    %pushi/vec4 1, 0, 1;
    %store/vec4 v0x1053782d0_0, 0, 1;
    %fork TD_tb_fpu.do_test, S_0x105380c60;
    %join;
    %pushi/vec4 1065353216, 0, 32;
    %store/vec4 v0x1053780f0_0, 0, 32;
    %pushi/vec4 3212836864, 0, 32;
    %store/vec4 v0x105378190_0, 0, 32;
    %pushi/vec4 3212836864, 0, 32;
    %store/vec4 v0x105378230_0, 0, 32;
    %pushi/vec4 1, 0, 1;
    %store/vec4 v0x1053782d0_0, 0, 1;
    %fork TD_tb_fpu.do_test, S_0x105380c60;
    %join;
    %pushi/vec4 1065353216, 0, 32;
    %store/vec4 v0x1053780f0_0, 0, 32;
    %pushi/vec4 1048576000, 0, 32;
    %store/vec4 v0x105378190_0, 0, 32;
    %pushi/vec4 1048576000, 0, 32;
    %store/vec4 v0x105378230_0, 0, 32;
    %pushi/vec4 1, 0, 1;
    %store/vec4 v0x1053782d0_0, 0, 1;
    %fork TD_tb_fpu.do_test, S_0x105380c60;
    %join;
    %pushi/vec4 1048576000, 0, 32;
    %store/vec4 v0x1053780f0_0, 0, 32;
    %pushi/vec4 1065353216, 0, 32;
    %store/vec4 v0x105378190_0, 0, 32;
    %pushi/vec4 1048576000, 0, 32;
    %store/vec4 v0x105378230_0, 0, 32;
    %pushi/vec4 1, 0, 1;
    %store/vec4 v0x1053782d0_0, 0, 1;
    %fork TD_tb_fpu.do_test, S_0x105380c60;
    %join;
    %pushi/vec4 1077936128, 0, 32;
    %store/vec4 v0x1053780f0_0, 0, 32;
    %pushi/vec4 1082130432, 0, 32;
    %store/vec4 v0x105378190_0, 0, 32;
    %pushi/vec4 1090519040, 0, 32;
    %store/vec4 v0x105378230_0, 0, 32;
    %pushi/vec4 1, 0, 1;
    %store/vec4 v0x1053782d0_0, 0, 1;
    %fork TD_tb_fpu.do_test, S_0x105380c60;
    %join;
    %pushi/vec4 1082130432, 0, 32;
    %store/vec4 v0x1053780f0_0, 0, 32;
    %pushi/vec4 1077936128, 0, 32;
    %store/vec4 v0x105378190_0, 0, 32;
    %pushi/vec4 1090519040, 0, 32;
    %store/vec4 v0x105378230_0, 0, 32;
    %pushi/vec4 1, 0, 1;
    %store/vec4 v0x1053782d0_0, 0, 1;
    %fork TD_tb_fpu.do_test, S_0x105380c60;
    %join;
    %pushi/vec4 1077936128, 0, 32;
    %store/vec4 v0x1053780f0_0, 0, 32;
    %pushi/vec4 1084227584, 0, 32;
    %store/vec4 v0x105378190_0, 0, 32;
    %pushi/vec4 1092616192, 0, 32;
    %store/vec4 v0x105378230_0, 0, 32;
    %pushi/vec4 1, 0, 1;
    %store/vec4 v0x1053782d0_0, 0, 1;
    %fork TD_tb_fpu.do_test, S_0x105380c60;
    %join;
    %pushi/vec4 1084227584, 0, 32;
    %store/vec4 v0x1053780f0_0, 0, 32;
    %pushi/vec4 1077936128, 0, 32;
    %store/vec4 v0x105378190_0, 0, 32;
    %pushi/vec4 1092616192, 0, 32;
    %store/vec4 v0x105378230_0, 0, 32;
    %pushi/vec4 1, 0, 1;
    %store/vec4 v0x1053782d0_0, 0, 1;
    %fork TD_tb_fpu.do_test, S_0x105380c60;
    %join;
    %pushi/vec4 1077936128, 0, 32;
    %store/vec4 v0x1053780f0_0, 0, 32;
    %pushi/vec4 1086324736, 0, 32;
    %store/vec4 v0x105378190_0, 0, 32;
    %pushi/vec4 1098907648, 0, 32;
    %store/vec4 v0x105378230_0, 0, 32;
    %pushi/vec4 1, 0, 1;
    %store/vec4 v0x1053782d0_0, 0, 1;
    %fork TD_tb_fpu.do_test, S_0x105380c60;
    %join;
    %pushi/vec4 1086324736, 0, 32;
    %store/vec4 v0x1053780f0_0, 0, 32;
    %pushi/vec4 1077936128, 0, 32;
    %store/vec4 v0x105378190_0, 0, 32;
    %pushi/vec4 1098907648, 0, 32;
    %store/vec4 v0x105378230_0, 0, 32;
    %pushi/vec4 1, 0, 1;
    %store/vec4 v0x1053782d0_0, 0, 1;
    %fork TD_tb_fpu.do_test, S_0x105380c60;
    %join;
    %pushi/vec4 1086324736, 0, 32;
    %store/vec4 v0x1053780f0_0, 0, 32;
    %pushi/vec4 1084227584, 0, 32;
    %store/vec4 v0x105378190_0, 0, 32;
    %pushi/vec4 1107296256, 0, 32;
    %store/vec4 v0x105378230_0, 0, 32;
    %pushi/vec4 1, 0, 1;
    %store/vec4 v0x1053782d0_0, 0, 1;
    %fork TD_tb_fpu.do_test, S_0x105380c60;
    %join;
    %pushi/vec4 1084227584, 0, 32;
    %store/vec4 v0x1053780f0_0, 0, 32;
    %pushi/vec4 1086324736, 0, 32;
    %store/vec4 v0x105378190_0, 0, 32;
    %pushi/vec4 1107296256, 0, 32;
    %store/vec4 v0x105378230_0, 0, 32;
    %pushi/vec4 1, 0, 1;
    %store/vec4 v0x1053782d0_0, 0, 1;
    %fork TD_tb_fpu.do_test, S_0x105380c60;
    %join;
    %pushi/vec4 1090519040, 0, 32;
    %store/vec4 v0x1053780f0_0, 0, 32;
    %pushi/vec4 1090519040, 0, 32;
    %store/vec4 v0x105378190_0, 0, 32;
    %pushi/vec4 1107296256, 0, 32;
    %store/vec4 v0x105378230_0, 0, 32;
    %pushi/vec4 1, 0, 1;
    %store/vec4 v0x1053782d0_0, 0, 1;
    %fork TD_tb_fpu.do_test, S_0x105380c60;
    %join;
    %pushi/vec4 3238002688, 0, 32;
    %store/vec4 v0x1053780f0_0, 0, 32;
    %pushi/vec4 1090519040, 0, 32;
    %store/vec4 v0x105378190_0, 0, 32;
    %pushi/vec4 1124073472, 0, 32;
    %store/vec4 v0x105378230_0, 0, 32;
    %pushi/vec4 1, 0, 1;
    %store/vec4 v0x1053782d0_0, 0, 1;
    %fork TD_tb_fpu.do_test, S_0x105380c60;
    %join;
    %pushi/vec4 1124073472, 0, 32;
    %store/vec4 v0x1053780f0_0, 0, 32;
    %pushi/vec4 1124073472, 0, 32;
    %store/vec4 v0x105378190_0, 0, 32;
    %pushi/vec4 1174405120, 0, 32;
    %store/vec4 v0x105378230_0, 0, 32;
    %pushi/vec4 1, 0, 1;
    %store/vec4 v0x1053782d0_0, 0, 1;
    %fork TD_tb_fpu.do_test, S_0x105380c60;
    %join;
    %vpi_call 2 119 "$display", "---- ALL MULTIPLY TESTS DONE ----" {0 0 0};
    %vpi_call 2 121 "$display", "---- ALL TESTS DONE ----" {0 0 0};
    %delay 20000, 0;
    %vpi_call 2 123 "$finish" {0 0 0};
    %end;
    .thread T_3;
# The file index is used to find the file name in the following table.
:file_names 4;
    "N/A";
    "<interactive>";
    "tests.v";
    "fpu.v";
