TESTING: /Users/ricksarkar/Spring26/CS3220/Labs/lab1/test/part3/add.mem
Passed!
TESTING: /Users/ricksarkar/Spring26/CS3220/Labs/lab1/test/part3/and.mem
Passed!
TESTING: /Users/ricksarkar/Spring26/CS3220/Labs/lab1/test/part3/andi.mem
Passed!
TESTING: /Users/ricksarkar/Spring26/CS3220/Labs/lab1/test/part3/bgeu.mem
Passed!
TESTING: /Users/ricksarkar/Spring26/CS3220/Labs/lab1/test/part3/blt.mem
Passed!
TESTING: /Users/ricksarkar/Spring26/CS3220/Labs/lab1/test/part3/bltu.mem
Passed!
TESTING: /Users/ricksarkar/Spring26/CS3220/Labs/lab1/test/part3/bne.mem
Passed!
TESTING: /Users/ricksarkar/Spring26/CS3220/Labs/lab1/test/part3/jal.mem
Passed!
TESTING: /Users/ricksarkar/Spring26/CS3220/Labs/lab1/test/part3/jalr.mem
Passed!
TESTING: /Users/ricksarkar/Spring26/CS3220/Labs/lab1/test/part3/lui.mem
Failed. exitcode: 0
TESTING: /Users/ricksarkar/Spring26/CS3220/Labs/lab1/test/part3/lw.mem
Failed. exitcode: 0
TESTING: /Users/ricksarkar/Spring26/CS3220/Labs/lab1/test/part3/or.mem
Failed. exitcode: 0
TESTING: /Users/ricksarkar/Spring26/CS3220/Labs/lab1/test/part3/ori.mem
Passed!
TESTING: /Users/ricksarkar/Spring26/CS3220/Labs/lab1/test/part3/simple.mem
Passed!
TESTING: /Users/ricksarkar/Spring26/CS3220/Labs/lab1/test/part3/sll.mem
Passed!
TESTING: /Users/ricksarkar/Spring26/CS3220/Labs/lab1/test/part3/slli.mem
Failed. exitcode: 0
TESTING: /Users/ricksarkar/Spring26/CS3220/Labs/lab1/test/part3/slt.mem
Passed!
TESTING: /Users/ricksarkar/Spring26/CS3220/Labs/lab1/test/part3/slti.mem
Passed!
TESTING: /Users/ricksarkar/Spring26/CS3220/Labs/lab1/test/part3/sltiu.mem
Passed!
TESTING: /Users/ricksarkar/Spring26/CS3220/Labs/lab1/test/part3/sltu.mem
Passed!
TESTING: /Users/ricksarkar/Spring26/CS3220/Labs/lab1/test/part3/sra.mem
Failed. exitcode: 0
TESTING: /Users/ricksarkar/Spring26/CS3220/Labs/lab1/test/part3/srai.mem
Failed. exitcode: 0
TESTING: /Users/ricksarkar/Spring26/CS3220/Labs/lab1/test/part3/srl.mem
Passed!
TESTING: /Users/ricksarkar/Spring26/CS3220/Labs/lab1/test/part3/srli.mem
Passed!
TESTING: /Users/ricksarkar/Spring26/CS3220/Labs/lab1/test/part3/sub.mem
Passed!
TESTING: /Users/ricksarkar/Spring26/CS3220/Labs/lab1/test/part3/sw.mem
Failed. exitcode: 0
TESTING: /Users/ricksarkar/Spring26/CS3220/Labs/lab1/test/part3/test10.mem
Passed!
TESTING: /Users/ricksarkar/Spring26/CS3220/Labs/lab1/test/part3/testall.mem
Failed. exitcode: 0
TESTING: /Users/ricksarkar/Spring26/CS3220/Labs/lab1/test/part3/xor.mem
Passed!
TESTING: /Users/ricksarkar/Spring26/CS3220/Labs/lab1/test/part3/xori.mem
Passed!
