-- VERILATE ----------------
verilator --exe -cc tb_axi4_ram.v --top-module tb_axi4_ram --trace --trace-structs --timing  --assert -Wpedantic -Wno-DECLFILENAME -Wno-UNUSED --x-initial unique --x-assign unique test_axi4_ram.cpp axi4_ram.v axi4_tester_src_non_burst/*.v -CFLAGS '-DVCD_OUTPUT -DDPRINTF'
- V e r i l a t i o n   R e p o r t: Verilator 5.044 2026-01-01 rev vUNKNOWN-built20260101
- Verilator: Built from 0.572 MB sources in 18 modules, into 0.767 MB in 13 C++ files needing 0.001 MB
- Verilator: Walltime 0.097 s (elab=0.015, cvt=0.050, bld=0.000); cpu 0.080 s on 1 threads; alloced 23.188 MB
-- COMPILE -----------------
/Library/Developer/CommandLineTools/usr/bin/make -j 4 -C obj_dir -f Vtb_axi4_ram.mk
c++  -I.  -MMD -I/opt/homebrew/Cellar/verilator/5.044/share/verilator/include -I/opt/homebrew/Cellar/verilator/5.044/share/verilator/include/vltstd -DVERILATOR=1 -DVM_COVERAGE=0 -DVM_SC=0 -DVM_TIMING=0 -DVM_TRACE=1 -DVM_TRACE_FST=0 -DVM_TRACE_VCD=1 -DVM_TRACE_SAIF=0 -faligned-new -fbracket-depth=4096 -fcf-protection=none -Xclang -fno-pch-timestamp -Qunused-arguments -Wno-bool-operation -Wno-c++11-narrowing -Wno-constant-logical-operand -Wno-int-in-bool-context -Wno-non-pod-varargs -Wno-parentheses-equality -Wno-shadow -Wno-sign-compare -Wno-tautological-bitwise-compare -Wno-tautological-compare -Wno-uninitialized -Wno-unused-but-set-parameter -Wno-unused-but-set-variable -Wno-unused-parameter -Wno-unused-variable -Wno-vla-cxx-extension    -DVCD_OUTPUT -DDPRINTF   -Os  -c -o test_axi4_ram.o ../test_axi4_ram.cpp
c++ -Os  -I.  -MMD -I/opt/homebrew/Cellar/verilator/5.044/share/verilator/include -I/opt/homebrew/Cellar/verilator/5.044/share/verilator/include/vltstd -DVERILATOR=1 -DVM_COVERAGE=0 -DVM_SC=0 -DVM_TIMING=0 -DVM_TRACE=1 -DVM_TRACE_FST=0 -DVM_TRACE_VCD=1 -DVM_TRACE_SAIF=0 -faligned-new -fbracket-depth=4096 -fcf-protection=none -Xclang -fno-pch-timestamp -Qunused-arguments -Wno-bool-operation -Wno-c++11-narrowing -Wno-constant-logical-operand -Wno-int-in-bool-context -Wno-non-pod-varargs -Wno-parentheses-equality -Wno-shadow -Wno-sign-compare -Wno-tautological-bitwise-compare -Wno-tautological-compare -Wno-uninitialized -Wno-unused-but-set-parameter -Wno-unused-but-set-variable -Wno-unused-parameter -Wno-unused-variable -Wno-vla-cxx-extension    -DVCD_OUTPUT -DDPRINTF   -c -o verilated.o /opt/homebrew/Cellar/verilator/5.044/share/verilator/include/verilated.cpp
c++ -Os  -I.  -MMD -I/opt/homebrew/Cellar/verilator/5.044/share/verilator/include -I/opt/homebrew/Cellar/verilator/5.044/share/verilator/include/vltstd -DVERILATOR=1 -DVM_COVERAGE=0 -DVM_SC=0 -DVM_TIMING=0 -DVM_TRACE=1 -DVM_TRACE_FST=0 -DVM_TRACE_VCD=1 -DVM_TRACE_SAIF=0 -faligned-new -fbracket-depth=4096 -fcf-protection=none -Xclang -fno-pch-timestamp -Qunused-arguments -Wno-bool-operation -Wno-c++11-narrowing -Wno-constant-logical-operand -Wno-int-in-bool-context -Wno-non-pod-varargs -Wno-parentheses-equality -Wno-shadow -Wno-sign-compare -Wno-tautological-bitwise-compare -Wno-tautological-compare -Wno-uninitialized -Wno-unused-but-set-parameter -Wno-unused-but-set-variable -Wno-unused-parameter -Wno-unused-variable -Wno-vla-cxx-extension    -DVCD_OUTPUT -DDPRINTF   -c -o verilated_dpi.o /opt/homebrew/Cellar/verilator/5.044/share/verilator/include/verilated_dpi.cpp
c++ -Os  -I.  -MMD -I/opt/homebrew/Cellar/verilator/5.044/share/verilator/include -I/opt/homebrew/Cellar/verilator/5.044/share/verilator/include/vltstd -DVERILATOR=1 -DVM_COVERAGE=0 -DVM_SC=0 -DVM_TIMING=0 -DVM_TRACE=1 -DVM_TRACE_FST=0 -DVM_TRACE_VCD=1 -DVM_TRACE_SAIF=0 -faligned-new -fbracket-depth=4096 -fcf-protection=none -Xclang -fno-pch-timestamp -Qunused-arguments -Wno-bool-operation -Wno-c++11-narrowing -Wno-constant-logical-operand -Wno-int-in-bool-context -Wno-non-pod-varargs -Wno-parentheses-equality -Wno-shadow -Wno-sign-compare -Wno-tautological-bitwise-compare -Wno-tautological-compare -Wno-uninitialized -Wno-unused-but-set-parameter -Wno-unused-but-set-variable -Wno-unused-parameter -Wno-unused-variable -Wno-vla-cxx-extension    -DVCD_OUTPUT -DDPRINTF   -c -o verilated_vcd_c.o /opt/homebrew/Cellar/verilator/5.044/share/verilator/include/verilated_vcd_c.cpp
c++ -Os  -I.  -MMD -I/opt/homebrew/Cellar/verilator/5.044/share/verilator/include -I/opt/homebrew/Cellar/verilator/5.044/share/verilator/include/vltstd -DVERILATOR=1 -DVM_COVERAGE=0 -DVM_SC=0 -DVM_TIMING=0 -DVM_TRACE=1 -DVM_TRACE_FST=0 -DVM_TRACE_VCD=1 -DVM_TRACE_SAIF=0 -faligned-new -fbracket-depth=4096 -fcf-protection=none -Xclang -fno-pch-timestamp -Qunused-arguments -Wno-bool-operation -Wno-c++11-narrowing -Wno-constant-logical-operand -Wno-int-in-bool-context -Wno-non-pod-varargs -Wno-parentheses-equality -Wno-shadow -Wno-sign-compare -Wno-tautological-bitwise-compare -Wno-tautological-compare -Wno-uninitialized -Wno-unused-but-set-parameter -Wno-unused-but-set-variable -Wno-unused-parameter -Wno-unused-variable -Wno-vla-cxx-extension    -DVCD_OUTPUT -DDPRINTF   -c -o verilated_threads.o /opt/homebrew/Cellar/verilator/5.044/share/verilator/include/verilated_threads.cpp
python3 /opt/homebrew/Cellar/verilator/5.044/share/verilator/bin/verilator_includer -DVL_INCLUDE_OPT=include Vtb_axi4_ram.cpp Vtb_axi4_ram___024root__0.cpp Vtb_axi4_ram_tb_axi4_ram__0.cpp Vtb_axi4_ram__Dpi.cpp Vtb_axi4_ram__Trace__0.cpp Vtb_axi4_ram__ConstPool__0__Slow.cpp Vtb_axi4_ram___024root__Slow.cpp Vtb_axi4_ram___024root__0__Slow.cpp Vtb_axi4_ram_tb_axi4_ram__Slow.cpp Vtb_axi4_ram_tb_axi4_ram__0__Slow.cpp Vtb_axi4_ram__Syms__Slow.cpp Vtb_axi4_ram__Trace__0__Slow.cpp Vtb_axi4_ram__TraceDecls__0__Slow.cpp > Vtb_axi4_ram__ALL.cpp
c++ -Os  -I.  -MMD -I/opt/homebrew/Cellar/verilator/5.044/share/verilator/include -I/opt/homebrew/Cellar/verilator/5.044/share/verilator/include/vltstd -DVERILATOR=1 -DVM_COVERAGE=0 -DVM_SC=0 -DVM_TIMING=0 -DVM_TRACE=1 -DVM_TRACE_FST=0 -DVM_TRACE_VCD=1 -DVM_TRACE_SAIF=0 -faligned-new -fbracket-depth=4096 -fcf-protection=none -Xclang -fno-pch-timestamp -Qunused-arguments -Wno-bool-operation -Wno-c++11-narrowing -Wno-constant-logical-operand -Wno-int-in-bool-context -Wno-non-pod-varargs -Wno-parentheses-equality -Wno-shadow -Wno-sign-compare -Wno-tautological-bitwise-compare -Wno-tautological-compare -Wno-uninitialized -Wno-unused-but-set-parameter -Wno-unused-but-set-variable -Wno-unused-parameter -Wno-unused-variable -Wno-vla-cxx-extension    -DVCD_OUTPUT -DDPRINTF   -c -o Vtb_axi4_ram__ALL.o Vtb_axi4_ram__ALL.cpp
c++  -Wl,-U,__Z15vl_time_stamp64v,-U,__Z13sc_time_stampv   test_axi4_ram.o verilated.o verilated_dpi.o verilated_vcd_c.o verilated_threads.o Vtb_axi4_ram__ALL.a    -pthread -lpthread   -o Vtb_axi4_ram
-- RUN ---------------------
obj_dir/Vtb_axi4_ram
t=0 WRITE state 0 -> 1
t=0 WRITE state 1 -> 0
t=0 WRITE state 0 -> 1
t=0 WRITE state 1 -> 0
t=0 WRITE state 0 -> 1
t=0 WRITE state 1 -> 0
t=0 WRITE state 0 -> 1
t=0 WRITE state 1 -> 0
t=0 WRITE state 0 -> 1
t=0 WRITE state 1 -> 0
t=0 WRITE state 0 -> 1
t=0 WRITE state 1 -> 0
t=0 WRITE state 0 -> 1
t=0 WRITE state 1 -> 0
t=1000 WRITE state 0 -> 1
t=1000 WRITE state 1 -> 0
t=1000 WRITE state 0 -> 1
t=1000 WRITE state 1 -> 0
t=1000 WRITE state 0 -> 1
t=1000 WRITE state 1 -> 0
t=1000 WRITE state 0 -> 1
t=1000 WRITE state 1 -> 0
t=1000 WRITE state 0 -> 1
t=1000 WRITE state 1 -> 0
t=1000 WRITE state 0 -> 1
t=1000 WRITE state 1 -> 0
t=1000 WRITE state 0 -> 1
t=1000 WRITE state 1 -> 0
t=1000 WRITE state 0 -> 1
t=1000 WRITE state 1 -> 0
t=1000 WRITE state 0 -> 1
t=1000 WRITE state 1 -> 0
t=1000 WRITE state 0 -> 1
t=1000 WRITE state 1 -> 0
t=1000 WRITE state 0 -> 1
t=1000 WRITE state 1 -> 0
t=1000 WRITE state 0 -> 1
t=1000 WRITE state 1 -> 0
t=1000 WRITE state 0 -> 1
t=1000 WRITE state 1 -> 0
t=1000 WRITE state 0 -> 1
t=1000 WRITE state 1 -> 0
t=1000 WRITE state 0 -> 1
t=1000 WRITE state 1 -> 0
t=1000 WRITE state 0 -> 1
t=1000 WRITE state 1 -> 0
t=2000 WRITE state 0 -> 1
t=2000 WRITE state 1 -> 0
t=2000 WRITE state 0 -> 1
t=2000 WRITE state 1 -> 0
t=2000 WRITE state 0 -> 1
t=2000 WRITE state 1 -> 0
t=2000 WRITE state 0 -> 1
t=2000 WRITE state 1 -> 0
t=2000 WRITE state 0 -> 1
t=2000 WRITE state 1 -> 0
t=2000 WRITE state 0 -> 1
t=2000 WRITE state 1 -> 0
t=2000 WRITE state 0 -> 1
t=2000 WRITE state 1 -> 0
t=2000 WRITE state 0 -> 1
t=2000 WRITE state 1 -> 0
t=2000 WRITE state 0 -> 1
t=2000 WRITE state 1 -> 0
t=2000 WRITE state 0 -> 1
t=2000 WRITE state 1 -> 0
t=2000 WRITE state 0 -> 1
t=2000 WRITE state 1 -> 0
t=2000 WRITE state 0 -> 1
t=2000 WRITE state 1 -> 0
t=2000 WRITE state 0 -> 1
t=2000 WRITE state 1 -> 0
t=2000 WRITE state 0 -> 1
t=2000 WRITE state 1 -> 0
t=2000 WRITE state 0 -> 1
t=2000 WRITE state 1 -> 0
t=2000 WRITE state 0 -> 1
t=2000 WRITE state 1 -> 0
t=3000 WRITE state 0 -> 1
t=3000 WRITE state 1 -> 0
t=3000 WRITE state 0 -> 1
t=3000 WRITE state 1 -> 0
t=3000 WRITE state 0 -> 1
t=3000 WRITE state 1 -> 0
t=3000 WRITE state 0 -> 1
t=3000 WRITE state 1 -> 0
t=3000 WRITE state 0 -> 1
t=3000 WRITE state 1 -> 0
t=3000 WRITE state 0 -> 1
t=3000 WRITE state 1 -> 0
t=3000 WRITE state 0 -> 1
t=3000 WRITE state 1 -> 0
t=3000 WRITE state 0 -> 1
t=3000 WRITE state 1 -> 0
t=3000 WRITE state 0 -> 1
t=3000 WRITE state 1 -> 0
t=3000 WRITE state 0 -> 1
t=3000 WRITE state 1 -> 0
t=3000 WRITE state 0 -> 1
t=3000 WRITE state 1 -> 0
t=3000 WRITE state 0 -> 1
t=3000 WRITE state 1 -> 0
t=3000 WRITE state 0 -> 1
t=3000 WRITE state 1 -> 0
t=3000 WRITE state 0 -> 1
t=3000 WRITE state 1 -> 0
t=3000 WRITE state 0 -> 1
t=3000 WRITE state 1 -> 0
t=4000 WRITE state 0 -> 1
t=4000 WRITE state 1 -> 0
t=4000 WRITE state 0 -> 1
t=4000 WRITE state 1 -> 0
t=4000 WRITE state 0 -> 1
t=4000 WRITE state 1 -> 0
t=4000 WRITE state 0 -> 1
t=4000 WRITE state 1 -> 0
t=4000 WRITE state 0 -> 1
t=4000 WRITE state 1 -> 0
t=4000 WRITE state 0 -> 1
t=4000 WRITE state 1 -> 0
t=4000 WRITE state 0 -> 1
t=4000 WRITE state 1 -> 0
t=4000 WRITE state 0 -> 1
t=4000 WRITE state 1 -> 0
t=4000 WRITE state 0 -> 1
t=4000 WRITE state 1 -> 0
t=4000 WRITE state 0 -> 1
t=4000 WRITE state 1 -> 0
t=4000 WRITE state 0 -> 1
t=4000 WRITE state 1 -> 0
t=4000 WRITE state 0 -> 1
t=4000 WRITE state 1 -> 0
t=4000 WRITE state 0 -> 1
t=4000 WRITE state 1 -> 0
t=4000 WRITE state 0 -> 1
t=4000 WRITE state 1 -> 0
t=4000 WRITE state 0 -> 1
t=4000 WRITE state 1 -> 0
t=4000 WRITE state 0 -> 1
t=4000 WRITE state 1 -> 0
t=5000 WRITE state 0 -> 1
t=5000 WRITE state 1 -> 0
t=5000 WRITE state 0 -> 1
t=5000 WRITE state 1 -> 0
t=5000 WRITE state 0 -> 1
t=5000 WRITE state 1 -> 0
t=5000 WRITE state 0 -> 1
t=5000 WRITE state 1 -> 0
t=5000 WRITE state 0 -> 1
t=5000 WRITE state 1 -> 0
t=5000 WRITE state 0 -> 1
t=5000 WRITE state 1 -> 0
t=5000 WRITE state 0 -> 1
t=5000 WRITE state 1 -> 0
t=5000 WRITE state 0 -> 1
t=5000 WRITE state 1 -> 0
t=5000 WRITE state 0 -> 1
t=5000 WRITE state 1 -> 0
t=5000 WRITE state 0 -> 1
t=5000 WRITE state 1 -> 0
t=5000 WRITE state 0 -> 1
t=5000 WRITE state 1 -> 0
t=5000 WRITE state 0 -> 1
t=5000 WRITE state 1 -> 0
t=5000 WRITE state 0 -> 1
t=5000 WRITE state 1 -> 0
t=5000 WRITE state 0 -> 1
t=5000 WRITE state 1 -> 0
t=5000 WRITE state 0 -> 1
t=5000 WRITE state 1 -> 0
t=5000 WRITE state 0 -> 1
t=6000 WRITE state 1 -> 0
t=6000 WRITE state 0 -> 1
t=6000 WRITE state 1 -> 0
t=6000 WRITE state 0 -> 1
t=6000 WRITE state 1 -> 0
t=6000 WRITE state 0 -> 1
t=6000 WRITE state 1 -> 0
t=6000 WRITE state 0 -> 1
t=6000 WRITE state 1 -> 0
t=6000 WRITE state 0 -> 1
t=6000 WRITE state 1 -> 0
t=6000 WRITE state 0 -> 1
t=6000 WRITE state 1 -> 0
t=6000 WRITE state 0 -> 1
t=6000 WRITE state 1 -> 0
t=6000 WRITE state 0 -> 1
t=6000 WRITE state 1 -> 0
t=6000 WRITE state 0 -> 1
t=6000 WRITE state 1 -> 0
t=6000 WRITE state 0 -> 1
t=6000 WRITE state 1 -> 0
t=6000 WRITE state 0 -> 1
t=6000 WRITE state 1 -> 0
t=6000 WRITE state 0 -> 1
t=6000 WRITE state 1 -> 0
t=6000 WRITE state 0 -> 1
t=6000 WRITE state 1 -> 0
t=6000 WRITE state 0 -> 1
t=6000 WRITE state 1 -> 0
t=6000 WRITE state 0 -> 1
t=6000 WRITE state 1 -> 0
t=7000 WRITE state 0 -> 1
t=7000 WRITE state 1 -> 0
t=7000 WRITE state 0 -> 1
t=7000 WRITE state 1 -> 0
t=7000 WRITE state 0 -> 1
t=7000 WRITE state 1 -> 0
t=7000 WRITE state 0 -> 1
t=7000 WRITE state 1 -> 0
t=7000 WRITE state 0 -> 1
t=7000 WRITE state 1 -> 0
t=7000 WRITE state 0 -> 1
t=7000 WRITE state 1 -> 0
t=7000 WRITE state 0 -> 1
t=7000 WRITE state 1 -> 0
t=7000 WRITE state 0 -> 1
t=7000 WRITE state 1 -> 0
t=7000 WRITE state 0 -> 1
t=7000 WRITE state 1 -> 0
t=7000 WRITE state 0 -> 1
t=7000 WRITE state 1 -> 0
t=7000 WRITE state 0 -> 1
t=7000 WRITE state 1 -> 0
t=7000 WRITE state 0 -> 1
t=7000 WRITE state 1 -> 0
t=7000 WRITE state 0 -> 1
t=7000 WRITE state 1 -> 0
t=7000 WRITE state 0 -> 1
t=7000 WRITE state 1 -> 0
t=7000 WRITE state 0 -> 1
t=7000 WRITE state 1 -> 0
t=7000 WRITE state 0 -> 1
t=7000 WRITE state 1 -> 0
t=8000 WRITE state 0 -> 1
t=8000 WRITE state 1 -> 0
t=8000 WRITE state 0 -> 1
t=8000 WRITE state 1 -> 0
t=8000 WRITE state 0 -> 1
t=8000 WRITE state 1 -> 0
t=8000 WRITE state 0 -> 1
t=8000 WRITE state 1 -> 0
t=8000 WRITE state 0 -> 1
t=8000 WRITE state 1 -> 0
t=8000 WRITE state 0 -> 1
t=8000 WRITE state 1 -> 0
t=8000 WRITE state 0 -> 1
t=8000 WRITE state 1 -> 0
t=8000 WRITE state 0 -> 1
t=8000 WRITE state 1 -> 0
t=8000 WRITE state 0 -> 1
t=8000 WRITE state 1 -> 0
t=8000 WRITE state 0 -> 1
t=8000 WRITE state 1 -> 0
t=8000 WRITE state 0 -> 1
t=8000 WRITE state 1 -> 0
t=8000 WRITE state 0 -> 1
t=8000 WRITE state 1 -> 0
t=8000 WRITE state 0 -> 1
t=8000 WRITE state 1 -> 0
t=8000 WRITE state 0 -> 1
t=8000 WRITE state 1 -> 0
t=8000 WRITE state 0 -> 1
t=8000 WRITE state 1 -> 0
t=9000 WRITE state 0 -> 1
t=9000 WRITE state 1 -> 0
t=9000 WRITE state 0 -> 1
t=9000 WRITE state 1 -> 0
t=9000 WRITE state 0 -> 1
t=9000 WRITE state 1 -> 0
t=9000 WRITE state 0 -> 1
t=9000 WRITE state 1 -> 0
t=9000 WRITE state 0 -> 1
t=9000 WRITE state 1 -> 0
t=9000 WRITE state 0 -> 1
t=9000 WRITE state 1 -> 0
t=9000 WRITE state 0 -> 1
t=9000 WRITE state 1 -> 0
t=9000 WRITE state 0 -> 1
t=9000 WRITE state 1 -> 0
t=9000 WRITE state 0 -> 1
t=9000 WRITE state 1 -> 0
t=9000 WRITE state 0 -> 1
t=9000 WRITE state 1 -> 0
t=9000 WRITE state 0 -> 1
t=9000 WRITE state 1 -> 0
t=9000 WRITE state 0 -> 1
t=9000 WRITE state 1 -> 0
t=9000 WRITE state 0 -> 1
t=9000 WRITE state 1 -> 0
t=9000 WRITE state 0 -> 1
t=9000 WRITE state 1 -> 0
t=9000 WRITE state 0 -> 1
t=9000 WRITE state 1 -> 0
t=9000 WRITE state 0 -> 1
t=9000 WRITE state 1 -> 0
t=10000 WRITE state 0 -> 1
t=10000 WRITE state 1 -> 0
t=10000 WRITE state 0 -> 1
t=10000 WRITE state 1 -> 0
t=10000 WRITE state 0 -> 1
t=10000 WRITE state 1 -> 0
t=10000 WRITE state 0 -> 1
t=10000 WRITE state 1 -> 0
t=10000 WRITE state 0 -> 1
t=10000 WRITE state 1 -> 0
t=10000 WRITE state 0 -> 1
t=10000 WRITE state 1 -> 0
t=10000 WRITE state 0 -> 1
t=10000 WRITE state 1 -> 0
t=10000 WRITE state 0 -> 1
t=10000 WRITE state 1 -> 0
t=10000 WRITE state 0 -> 1
t=10000 WRITE state 1 -> 0
t=10000 WRITE state 0 -> 1
t=10000 WRITE state 1 -> 0
t=10000 WRITE state 0 -> 1
t=10000 WRITE state 1 -> 0
t=10000 WRITE state 0 -> 1
t=10000 WRITE state 1 -> 0
t=10000 WRITE state 0 -> 1
t=10000 WRITE state 1 -> 0
t=10000 WRITE state 0 -> 1
t=10000 WRITE state 1 -> 0
t=10000 WRITE state 0 -> 1
t=10000 WRITE state 1 -> 0
t=10000 WRITE state 0 -> 1
t=10000 WRITE state 1 -> 0
t=11000 WRITE state 0 -> 1
t=11000 WRITE state 1 -> 0
t=11000 WRITE state 0 -> 1
t=11000 WRITE state 1 -> 0
t=11000 WRITE state 0 -> 1
t=11000 WRITE state 1 -> 0
t=11000 WRITE state 0 -> 1
t=11000 WRITE state 1 -> 0
t=11000 WRITE state 0 -> 1
t=11000 WRITE state 1 -> 0
t=11000 WRITE state 0 -> 1
t=11000 WRITE state 1 -> 0
t=11000 WRITE state 0 -> 1
t=11000 WRITE state 1 -> 0
t=11000 WRITE state 0 -> 1
t=11000 WRITE state 1 -> 0
t=11000 WRITE state 0 -> 1
t=11000 WRITE state 1 -> 0
t=11000 WRITE state 0 -> 1
t=11000 WRITE state 1 -> 0
t=11000 WRITE state 0 -> 1
t=11000 WRITE state 1 -> 0
t=11000 WRITE state 0 -> 1
t=11000 WRITE state 1 -> 0
t=11000 WRITE state 0 -> 1
t=11000 WRITE state 1 -> 0
t=11000 WRITE state 0 -> 1
t=11000 WRITE state 1 -> 0
t=11000 WRITE state 0 -> 1
t=11000 WRITE state 1 -> 0
t=12000 WRITE state 0 -> 1
t=12000 WRITE state 1 -> 0
t=12000 WRITE state 0 -> 1
t=12000 WRITE state 1 -> 0
t=12000 WRITE state 0 -> 1
t=12000 WRITE state 1 -> 0
t=12000 WRITE state 0 -> 1
t=12000 WRITE state 1 -> 0
t=12000 WRITE state 0 -> 1
t=12000 WRITE state 1 -> 0
t=12000 WRITE state 0 -> 1
t=12000 WRITE state 1 -> 0
t=12000 WRITE state 0 -> 1
t=12000 WRITE state 1 -> 0
t=12000 WRITE state 0 -> 1
t=12000 WRITE state 1 -> 0
t=12000 WRITE state 0 -> 1
t=12000 WRITE state 1 -> 0
t=12000 WRITE state 0 -> 1
t=12000 WRITE state 1 -> 0
t=12000 WRITE state 0 -> 1
t=12000 WRITE state 1 -> 0
t=12000 WRITE state 0 -> 1
t=12000 WRITE state 1 -> 0
t=12000 WRITE state 0 -> 1
t=12000 WRITE state 1 -> 0
t=12000 WRITE state 0 -> 1
t=12000 WRITE state 1 -> 0
t=12000 WRITE state 0 -> 1
t=12000 WRITE state 1 -> 0
t=12000 WRITE state 0 -> 1
t=12000 WRITE state 1 -> 0
t=13000 WRITE state 0 -> 1
t=13000 WRITE state 1 -> 0
t=13000 WRITE state 0 -> 1
t=13000 WRITE state 1 -> 0
t=13000 WRITE state 0 -> 1
t=13000 WRITE state 1 -> 0
t=13000 WRITE state 0 -> 1
t=13000 WRITE state 1 -> 0
t=13000 WRITE state 0 -> 1
t=13000 WRITE state 1 -> 0
t=13000 WRITE state 0 -> 1
t=13000 WRITE state 1 -> 0
t=13000 WRITE state 0 -> 1
t=13000 WRITE state 1 -> 0
t=13000 WRITE state 0 -> 1
t=13000 WRITE state 1 -> 0
t=13000 WRITE state 0 -> 1
t=13000 WRITE state 1 -> 0
t=13000 WRITE state 0 -> 1
t=13000 WRITE state 1 -> 0
t=13000 WRITE state 0 -> 1
t=13000 WRITE state 1 -> 0
t=13000 WRITE state 0 -> 1
t=13000 WRITE state 1 -> 0
t=13000 WRITE state 0 -> 1
t=13000 WRITE state 1 -> 0
t=13000 WRITE state 0 -> 1
t=13000 WRITE state 1 -> 0
t=13000 WRITE state 0 -> 1
t=13000 WRITE state 1 -> 0
t=13000 WRITE state 0 -> 1
t=14000 WRITE state 1 -> 0
t=14000 WRITE state 0 -> 1
t=14000 WRITE state 1 -> 0
t=14000 WRITE state 0 -> 1
t=14000 WRITE state 1 -> 0
t=14000 WRITE state 0 -> 1
t=14000 WRITE state 1 -> 0
t=14000 WRITE state 0 -> 1
t=14000 WRITE state 1 -> 0
t=14000 WRITE state 0 -> 1
t=14000 WRITE state 1 -> 0
t=14000 WRITE state 0 -> 1
t=14000 WRITE state 1 -> 0
t=14000 WRITE state 0 -> 1
t=14000 WRITE state 1 -> 0
t=14000 WRITE state 0 -> 1
t=14000 WRITE state 1 -> 0
t=14000 WRITE state 0 -> 1
t=14000 WRITE state 1 -> 0
t=14000 WRITE state 0 -> 1
t=14000 WRITE state 1 -> 0
t=14000 WRITE state 0 -> 1
t=14000 WRITE state 1 -> 0
t=14000 WRITE state 0 -> 1
t=14000 WRITE state 1 -> 0
t=14000 WRITE state 0 -> 1
t=14000 WRITE state 1 -> 0
t=14000 WRITE state 0 -> 1
t=14000 WRITE state 1 -> 0
t=14000 WRITE state 0 -> 1
t=14000 WRITE state 1 -> 0
t=15000 WRITE state 0 -> 1
t=15000 WRITE state 1 -> 0
t=15000 WRITE state 0 -> 1
t=15000 WRITE state 1 -> 0
t=15000 WRITE state 0 -> 1
t=15000 WRITE state 1 -> 0
t=15000 WRITE state 0 -> 1
t=15000 WRITE state 1 -> 0
t=15000 WRITE state 0 -> 1
t=15000 WRITE state 1 -> 0
t=15000 WRITE state 0 -> 1
t=15000 WRITE state 1 -> 0
t=15000 WRITE state 0 -> 1
t=15000 WRITE state 1 -> 0
t=15000 WRITE state 0 -> 1
t=15000 WRITE state 1 -> 0
t=15000 WRITE state 0 -> 1
t=15000 WRITE state 1 -> 0
t=15000 WRITE state 0 -> 1
t=15000 WRITE state 1 -> 0
t=15000 WRITE state 0 -> 1
t=15000 WRITE state 1 -> 0
t=15000 WRITE state 0 -> 1
t=15000 WRITE state 1 -> 0
t=15000 WRITE state 0 -> 1
t=15000 WRITE state 1 -> 0
t=15000 WRITE state 0 -> 1
t=15000 WRITE state 1 -> 0
t=15000 WRITE state 0 -> 1
t=15000 WRITE state 1 -> 0
t=15000 WRITE state 0 -> 1
t=15000 WRITE state 1 -> 0
t=16000 WRITE state 0 -> 1
t=16000 WRITE state 1 -> 0
t=16000 WRITE state 0 -> 1
t=16000 WRITE state 1 -> 0
t=16000 WRITE state 0 -> 1
t=16000 WRITE state 1 -> 0
t=16000 WRITE state 0 -> 1
t=16000 WRITE state 1 -> 0
t=16000 WRITE state 0 -> 1
t=16000 WRITE state 1 -> 0
t=16000 WRITE state 0 -> 1
t=16000 WRITE state 1 -> 0
t=16000 WRITE state 0 -> 1
t=16000 WRITE state 1 -> 0
t=16000 WRITE state 0 -> 1
t=16000 WRITE state 1 -> 0
t=16000 WRITE state 0 -> 1
t=16000 WRITE state 1 -> 0
t=16000 WRITE state 0 -> 1
t=16000 WRITE state 1 -> 0
t=16000 WRITE state 0 -> 1
t=16000 WRITE state 1 -> 0
t=16000 WRITE state 0 -> 1
t=16000 WRITE state 1 -> 0
t=16000 WRITE state 0 -> 1
t=16000 WRITE state 1 -> 0
t=16000 WRITE state 0 -> 1
t=16000 WRITE state 1 -> 0
t=16000 WRITE state 0 -> 1
t=16000 WRITE state 1 -> 0
t=17000 WRITE state 0 -> 1
t=17000 WRITE state 1 -> 0
t=17000 WRITE state 0 -> 1
t=17000 WRITE state 1 -> 0
t=17000 WRITE state 0 -> 1
t=17000 WRITE state 1 -> 0
t=17000 WRITE state 0 -> 1
t=17000 WRITE state 1 -> 0
t=17000 WRITE state 0 -> 1
t=17000 WRITE state 1 -> 0
t=17000 WRITE state 0 -> 1
t=17000 WRITE state 1 -> 0
t=17000 WRITE state 0 -> 1
t=17000 WRITE state 1 -> 0
t=17000 WRITE state 0 -> 1
t=17000 WRITE state 1 -> 0
t=17000 WRITE state 0 -> 1
t=17000 WRITE state 1 -> 0
t=17000 WRITE state 0 -> 1
t=17000 WRITE state 1 -> 0
t=17000 WRITE state 0 -> 1
t=17000 WRITE state 1 -> 0
t=17000 WRITE state 0 -> 1
t=17000 WRITE state 1 -> 0
t=17000 WRITE state 0 -> 1
t=17000 WRITE state 1 -> 0
t=17000 WRITE state 0 -> 1
t=17000 WRITE state 1 -> 0
t=17000 WRITE state 0 -> 1
t=17000 WRITE state 1 -> 0
t=17000 WRITE state 0 -> 1
t=17000 WRITE state 1 -> 0
t=18000 WRITE state 0 -> 1
t=18000 WRITE state 1 -> 0
t=18000 WRITE state 0 -> 1
t=18000 WRITE state 1 -> 0
t=18000 WRITE state 0 -> 1
t=18000 WRITE state 1 -> 0
t=18000 WRITE state 0 -> 1
t=18000 WRITE state 1 -> 0
t=18000 WRITE state 0 -> 1
t=18000 WRITE state 1 -> 0
t=18000 WRITE state 0 -> 1
t=18000 WRITE state 1 -> 0
t=18000 WRITE state 0 -> 1
t=18000 WRITE state 1 -> 0
t=18000 WRITE state 0 -> 1
t=18000 WRITE state 1 -> 0
t=18000 WRITE state 0 -> 1
t=18000 WRITE state 1 -> 0
t=18000 WRITE state 0 -> 1
t=18000 WRITE state 1 -> 0
t=18000 WRITE state 0 -> 1
t=18000 WRITE state 1 -> 0
t=18000 WRITE state 0 -> 1
t=18000 WRITE state 1 -> 0
t=18000 WRITE state 0 -> 1
t=18000 WRITE state 1 -> 0
t=18000 WRITE state 0 -> 1
t=18000 WRITE state 1 -> 0
t=18000 WRITE state 0 -> 1
t=18000 WRITE state 1 -> 0
t=18000 WRITE state 0 -> 1
t=18000 WRITE state 1 -> 0
t=19000 WRITE state 0 -> 1
t=19000 WRITE state 1 -> 0
t=19000 WRITE state 0 -> 1
t=19000 WRITE state 1 -> 0
t=19000 WRITE state 0 -> 1
t=19000 WRITE state 1 -> 0
t=19000 WRITE state 0 -> 1
t=19000 WRITE state 1 -> 0
t=19000 WRITE state 0 -> 1
t=19000 WRITE state 1 -> 0
t=19000 WRITE state 0 -> 1
t=19000 WRITE state 1 -> 0
t=19000 WRITE state 0 -> 1
t=19000 WRITE state 1 -> 0
t=19000 WRITE state 0 -> 1
t=19000 WRITE state 1 -> 0
t=19000 WRITE state 0 -> 1
t=19000 WRITE state 1 -> 0
t=19000 WRITE state 0 -> 1
t=19000 WRITE state 1 -> 0
t=19000 WRITE state 0 -> 1
t=19000 WRITE state 1 -> 0
t=19000 WRITE state 0 -> 1
t=19000 WRITE state 1 -> 0
t=19000 WRITE state 0 -> 1
t=19000 WRITE state 1 -> 0
t=19000 WRITE state 0 -> 1
t=19000 WRITE state 1 -> 0
t=19000 WRITE state 0 -> 1
t=19000 WRITE state 1 -> 0
t=20000 WRITE state 0 -> 1
t=20000 WRITE state 1 -> 0
t=20000 WRITE state 0 -> 1
t=20000 WRITE state 1 -> 0
t=20000 WRITE state 0 -> 1
t=20000 WRITE state 1 -> 0
t=20000 WRITE state 0 -> 1
t=20000 WRITE state 1 -> 0
t=20000 WRITE state 0 -> 1
t=20000 WRITE state 1 -> 0
t=20000 WRITE state 0 -> 1
t=20000 WRITE state 1 -> 0
t=20000 WRITE state 0 -> 1
t=20000 WRITE state 1 -> 0
t=20000 WRITE state 0 -> 1
t=20000 WRITE state 1 -> 0
t=20000 WRITE state 0 -> 1
t=20000 WRITE state 1 -> 0
t=20000 WRITE state 0 -> 1
t=20000 WRITE state 1 -> 0
t=20000 WRITE state 0 -> 1
t=20000 WRITE state 1 -> 0
t=20000 WRITE state 0 -> 1
t=20000 WRITE state 1 -> 0
t=20000 WRITE state 0 -> 1
t=20000 WRITE state 1 -> 0
t=20000 WRITE state 0 -> 1
t=20000 WRITE state 1 -> 0
t=20000 WRITE state 0 -> 1
t=20000 WRITE state 1 -> 0
t=20000 WRITE state 0 -> 1
t=20000 WRITE state 1 -> 0
t=21000 WRITE state 0 -> 1
t=21000 WRITE state 1 -> 0
t=21000 WRITE state 0 -> 1
t=21000 WRITE state 1 -> 0
t=21000 WRITE state 0 -> 1
t=21000 WRITE state 1 -> 0
t=21000 WRITE state 0 -> 1
t=21000 WRITE state 1 -> 0
t=21000 WRITE state 0 -> 1
t=21000 WRITE state 1 -> 0
t=21000 WRITE state 0 -> 1
t=21000 WRITE state 1 -> 0
t=21000 WRITE state 0 -> 1
t=21000 WRITE state 1 -> 0
t=21000 WRITE state 0 -> 1
t=21000 WRITE state 1 -> 0
t=21000 WRITE state 0 -> 1
t=21000 WRITE state 1 -> 0
t=21000 WRITE state 0 -> 1
t=21000 WRITE state 1 -> 0
t=21000 WRITE state 0 -> 1
t=21000 WRITE state 1 -> 0
t=21000 WRITE state 0 -> 1
t=21000 WRITE state 1 -> 0
t=21000 WRITE state 0 -> 1
t=21000 WRITE state 1 -> 0
t=21000 WRITE state 0 -> 1
t=21000 WRITE state 1 -> 0
t=21000 WRITE state 0 -> 1
t=21000 WRITE state 1 -> 0
t=21000 WRITE state 0 -> 1
t=22000 WRITE state 1 -> 0
t=22000 WRITE state 0 -> 1
t=22000 WRITE state 1 -> 0
t=22000 WRITE state 0 -> 1
t=22000 WRITE state 1 -> 0
t=22000 WRITE state 0 -> 1
t=22000 WRITE state 1 -> 0
t=22000 WRITE state 0 -> 1
t=22000 WRITE state 1 -> 0
t=22000 WRITE state 0 -> 1
t=22000 WRITE state 1 -> 0
t=22000 WRITE state 0 -> 1
t=22000 WRITE state 1 -> 0
t=22000 WRITE state 0 -> 1
t=22000 WRITE state 1 -> 0
t=22000 WRITE state 0 -> 1
t=22000 WRITE state 1 -> 0
t=22000 WRITE state 0 -> 1
t=22000 WRITE state 1 -> 0
t=22000 WRITE state 0 -> 1
t=22000 WRITE state 1 -> 0
t=22000 WRITE state 0 -> 1
t=22000 WRITE state 1 -> 0
t=22000 WRITE state 0 -> 1
t=22000 WRITE state 1 -> 0
t=22000 WRITE state 0 -> 1
t=22000 WRITE state 1 -> 0
t=22000 WRITE state 0 -> 1
t=22000 WRITE state 1 -> 0
t=22000 WRITE state 0 -> 1
t=22000 WRITE state 1 -> 0
t=23000 WRITE state 0 -> 1
t=23000 WRITE state 1 -> 0
t=23000 WRITE state 0 -> 1
t=23000 WRITE state 1 -> 0
t=23000 WRITE state 0 -> 1
t=23000 WRITE state 1 -> 0
t=23000 WRITE state 0 -> 1
t=23000 WRITE state 1 -> 0
t=23000 WRITE state 0 -> 1
t=23000 WRITE state 1 -> 0
t=23000 WRITE state 0 -> 1
t=23000 WRITE state 1 -> 0
t=23000 WRITE state 0 -> 1
t=23000 WRITE state 1 -> 0
t=23000 WRITE state 0 -> 1
t=23000 WRITE state 1 -> 0
t=23000 WRITE state 0 -> 1
t=23000 WRITE state 1 -> 0
t=23000 WRITE state 0 -> 1
t=23000 WRITE state 1 -> 0
t=23000 WRITE state 0 -> 1
t=23000 WRITE state 1 -> 0
t=23000 WRITE state 0 -> 1
t=23000 WRITE state 1 -> 0
t=23000 WRITE state 0 -> 1
t=23000 WRITE state 1 -> 0
t=23000 WRITE state 0 -> 1
t=23000 WRITE state 1 -> 0
t=23000 WRITE state 0 -> 1
t=23000 WRITE state 1 -> 0
t=23000 WRITE state 0 -> 1
t=23000 WRITE state 1 -> 0
t=24000 WRITE state 0 -> 1
t=24000 WRITE state 1 -> 0
t=24000 WRITE state 0 -> 1
t=24000 WRITE state 1 -> 0
t=24000 WRITE state 0 -> 1
t=24000 WRITE state 1 -> 0
t=24000 WRITE state 0 -> 1
t=24000 WRITE state 1 -> 0
t=24000 WRITE state 0 -> 1
t=24000 WRITE state 1 -> 0
t=24000 WRITE state 0 -> 1
t=24000 WRITE state 1 -> 0
t=24000 WRITE state 0 -> 1
t=24000 WRITE state 1 -> 0
t=24000 WRITE state 0 -> 1
t=24000 WRITE state 1 -> 0
t=24000 WRITE state 0 -> 1
t=24000 WRITE state 1 -> 0
t=24000 WRITE state 0 -> 1
t=24000 WRITE state 1 -> 0
t=24000 WRITE state 0 -> 1
t=24000 WRITE state 1 -> 0
t=24000 WRITE state 0 -> 1
t=24000 WRITE state 1 -> 0
t=24000 WRITE state 0 -> 1
t=24000 WRITE state 1 -> 0
t=24000 WRITE state 0 -> 1
t=24000 WRITE state 1 -> 0
t=24000 WRITE state 0 -> 1
t=24000 WRITE state 1 -> 0
t=25000 WRITE state 0 -> 1
t=25000 WRITE state 1 -> 0
t=25000 WRITE state 0 -> 1
t=25000 WRITE state 1 -> 0
t=25000 WRITE state 0 -> 1
t=25000 WRITE state 1 -> 0
t=25000 WRITE state 0 -> 1
t=25000 WRITE state 1 -> 0
t=25000 WRITE state 0 -> 1
t=25000 WRITE state 1 -> 0
t=25000 WRITE state 0 -> 1
t=25000 WRITE state 1 -> 0
t=25000 WRITE state 0 -> 1
t=25000 WRITE state 1 -> 0
t=25000 WRITE state 0 -> 1
t=25000 WRITE state 1 -> 0
t=25000 WRITE state 0 -> 1
t=25000 WRITE state 1 -> 0
t=25000 WRITE state 0 -> 1
t=25000 WRITE state 1 -> 0
t=25000 WRITE state 0 -> 1
t=25000 WRITE state 1 -> 0
t=25000 WRITE state 0 -> 1
t=25000 WRITE state 1 -> 0
t=25000 WRITE state 0 -> 1
t=25000 WRITE state 1 -> 0
t=25000 WRITE state 0 -> 1
t=25000 WRITE state 1 -> 0
t=25000 WRITE state 0 -> 1
t=25000 WRITE state 1 -> 0
t=25000 WRITE state 0 -> 1
t=25000 WRITE state 1 -> 0
t=26000 WRITE state 0 -> 1
t=26000 WRITE state 1 -> 0
t=26000 WRITE state 0 -> 1
t=26000 WRITE state 1 -> 0
t=26000 WRITE state 0 -> 1
t=26000 WRITE state 1 -> 0
t=26000 WRITE state 0 -> 1
t=26000 WRITE state 1 -> 0
t=26000 WRITE state 0 -> 1
t=26000 WRITE state 1 -> 0
t=26000 WRITE state 0 -> 1
t=26000 WRITE state 1 -> 0
t=26000 WRITE state 0 -> 1
t=26000 WRITE state 1 -> 0
t=26000 WRITE state 0 -> 1
t=26000 WRITE state 1 -> 0
t=26000 WRITE state 0 -> 1
t=26000 WRITE state 1 -> 0
t=26000 WRITE state 0 -> 1
t=26000 WRITE state 1 -> 0
t=26000 WRITE state 0 -> 1
t=26000 WRITE state 1 -> 0
t=26000 WRITE state 0 -> 1
t=26000 WRITE state 1 -> 0
t=26000 WRITE state 0 -> 1
t=26000 WRITE state 1 -> 0
t=26000 WRITE state 0 -> 1
t=26000 WRITE state 1 -> 0
t=26000 WRITE state 0 -> 1
t=26000 WRITE state 1 -> 0
t=26000 WRITE state 0 -> 1
t=26000 WRITE state 1 -> 0
t=27000 WRITE state 0 -> 1
t=27000 WRITE state 1 -> 0
t=27000 WRITE state 0 -> 1
t=27000 WRITE state 1 -> 0
t=27000 WRITE state 0 -> 1
t=27000 WRITE state 1 -> 0
t=27000 WRITE state 0 -> 1
t=27000 WRITE state 1 -> 0
t=27000 WRITE state 0 -> 1
t=27000 WRITE state 1 -> 0
t=27000 WRITE state 0 -> 1
t=27000 WRITE state 1 -> 0
t=27000 WRITE state 0 -> 1
t=27000 WRITE state 1 -> 0
t=27000 WRITE state 0 -> 1
t=27000 WRITE state 1 -> 0
t=27000 WRITE state 0 -> 1
t=27000 WRITE state 1 -> 0
t=27000 WRITE state 0 -> 1
t=27000 WRITE state 1 -> 0
t=27000 WRITE state 0 -> 1
t=27000 WRITE state 1 -> 0
t=27000 WRITE state 0 -> 1
t=27000 WRITE state 1 -> 0
t=27000 WRITE state 0 -> 1
t=27000 WRITE state 1 -> 0
t=27000 WRITE state 0 -> 1
t=27000 WRITE state 1 -> 0
t=27000 WRITE state 0 -> 1
t=27000 WRITE state 1 -> 0
t=28000 WRITE state 0 -> 1
t=28000 WRITE state 1 -> 0
t=28000 WRITE state 0 -> 1
t=28000 WRITE state 1 -> 0
t=28000 WRITE state 0 -> 1
t=28000 WRITE state 1 -> 0
t=28000 WRITE state 0 -> 1
t=28000 WRITE state 1 -> 0
t=28000 WRITE state 0 -> 1
t=28000 WRITE state 1 -> 0
t=28000 WRITE state 0 -> 1
t=28000 WRITE state 1 -> 0
t=28000 WRITE state 0 -> 1
t=28000 WRITE state 1 -> 0
t=28000 WRITE state 0 -> 1
t=28000 WRITE state 1 -> 0
t=28000 WRITE state 0 -> 1
t=28000 WRITE state 1 -> 0
t=28000 WRITE state 0 -> 1
t=28000 WRITE state 1 -> 0
t=28000 WRITE state 0 -> 1
t=28000 WRITE state 1 -> 0
t=28000 WRITE state 0 -> 1
t=28000 WRITE state 1 -> 0
t=28000 WRITE state 0 -> 1
t=28000 WRITE state 1 -> 0
t=28000 WRITE state 0 -> 1
t=28000 WRITE state 1 -> 0
t=28000 WRITE state 0 -> 1
t=28000 WRITE state 1 -> 0
t=28000 WRITE state 0 -> 1
t=28000 WRITE state 1 -> 0
t=29000 WRITE state 0 -> 1
t=29000 WRITE state 1 -> 0
t=29000 WRITE state 0 -> 1
t=29000 WRITE state 1 -> 0
t=29000 WRITE state 0 -> 1
t=29000 WRITE state 1 -> 0
t=29000 WRITE state 0 -> 1
t=29000 WRITE state 1 -> 0
t=29000 WRITE state 0 -> 1
t=29000 WRITE state 1 -> 0
t=29000 WRITE state 0 -> 1
t=29000 WRITE state 1 -> 0
t=29000 WRITE state 0 -> 1
t=29000 WRITE state 1 -> 0
t=29000 WRITE state 0 -> 1
t=29000 WRITE state 1 -> 0
t=29000 WRITE state 0 -> 1
t=29000 WRITE state 1 -> 0
t=29000 WRITE state 0 -> 1
t=29000 WRITE state 1 -> 0
t=29000 WRITE state 0 -> 1
t=29000 WRITE state 1 -> 0
t=29000 WRITE state 0 -> 1
t=29000 WRITE state 1 -> 0
t=29000 WRITE state 0 -> 1
t=29000 WRITE state 1 -> 0
t=29000 WRITE state 0 -> 1
t=29000 WRITE state 1 -> 0
t=29000 WRITE state 0 -> 1
t=29000 WRITE state 1 -> 0
t=29000 WRITE state 0 -> 1
t=30000 WRITE state 1 -> 0
t=30000 WRITE state 0 -> 1
t=30000 WRITE state 1 -> 0
t=30000 WRITE state 0 -> 1
t=30000 WRITE state 1 -> 0
t=30000 WRITE state 0 -> 1
t=30000 WRITE state 1 -> 0
t=30000 WRITE state 0 -> 1
t=30000 WRITE state 1 -> 0
t=30000 WRITE state 0 -> 1
t=30000 WRITE state 1 -> 0
t=30000 WRITE state 0 -> 1
t=30000 WRITE state 1 -> 0
t=30000 WRITE state 0 -> 1
t=30000 WRITE state 1 -> 0
t=30000 WRITE state 0 -> 1
t=30000 WRITE state 1 -> 0
t=30000 WRITE state 0 -> 1
t=30000 WRITE state 1 -> 0
t=30000 WRITE state 0 -> 1
t=30000 WRITE state 1 -> 0
t=30000 WRITE state 0 -> 1
t=30000 WRITE state 1 -> 0
t=30000 WRITE state 0 -> 1
t=30000 WRITE state 1 -> 0
t=30000 WRITE state 0 -> 1
t=30000 WRITE state 1 -> 0
t=30000 WRITE state 0 -> 1
t=30000 WRITE state 1 -> 0
t=30000 WRITE state 0 -> 1
t=30000 WRITE state 1 -> 0
t=31000 WRITE state 0 -> 1
t=31000 WRITE state 1 -> 0
t=31000 WRITE state 0 -> 1
t=31000 WRITE state 1 -> 0
t=31000 WRITE state 0 -> 1
t=31000 WRITE state 1 -> 0
t=31000 WRITE state 0 -> 1
t=31000 WRITE state 1 -> 0
t=31000 WRITE state 0 -> 1
t=31000 WRITE state 1 -> 0
t=31000 WRITE state 0 -> 1
t=31000 WRITE state 1 -> 0
t=31000 WRITE state 0 -> 1
t=31000 WRITE state 1 -> 0
t=31000 WRITE state 0 -> 1
t=31000 WRITE state 1 -> 0
t=31000 WRITE state 0 -> 1
t=31000 WRITE state 1 -> 0
t=31000 WRITE state 0 -> 1
t=31000 WRITE state 1 -> 0
t=31000 WRITE state 0 -> 1
t=31000 WRITE state 1 -> 0
t=31000 WRITE state 0 -> 1
t=31000 WRITE state 1 -> 0
t=31000 WRITE state 0 -> 1
t=31000 WRITE state 1 -> 0
t=31000 WRITE state 0 -> 1
t=31000 WRITE state 1 -> 0
t=31000 WRITE state 0 -> 1
t=31000 WRITE state 1 -> 0
t=31000 WRITE state 0 -> 1
t=31000 WRITE state 1 -> 0
t=32000 WRITE state 0 -> 1
t=32000 WRITE state 1 -> 0
t=32000 WRITE state 0 -> 1
t=32000 WRITE state 1 -> 0
t=32000 WRITE state 0 -> 1
t=32000 WRITE state 1 -> 0
t=32000 WRITE state 0 -> 1
t=32000 WRITE state 1 -> 0
t=32000 WRITE state 0 -> 1
t=32000 WRITE state 1 -> 0
t=32000 WRITE state 0 -> 1
t=32000 WRITE state 1 -> 0
t=32000 WRITE state 0 -> 1
t=32000 WRITE state 1 -> 0
t=32000 WRITE state 0 -> 1
t=32000 WRITE state 1 -> 0
t=32000 WRITE state 0 -> 1
t=32000 WRITE state 1 -> 0
t=32000 WRITE state 0 -> 1
t=32000 WRITE state 1 -> 0
t=32000 WRITE state 0 -> 1
t=32000 WRITE state 1 -> 0
t=32000 WRITE state 0 -> 1
t=32000 WRITE state 1 -> 0
t=32000 WRITE state 0 -> 1
t=32000 WRITE state 1 -> 0
t=32000 WRITE state 0 -> 1
t=32000 WRITE state 1 -> 0
t=32000 WRITE state 0 -> 1
t=32000 WRITE state 1 -> 0
t=33000 WRITE state 0 -> 1
t=33000 WRITE state 1 -> 0
t=33000 WRITE state 0 -> 1
t=33000 WRITE state 1 -> 0
t=33000 WRITE state 0 -> 1
t=33000 WRITE state 1 -> 0
t=33000 WRITE state 0 -> 1
t=33000 WRITE state 1 -> 0
t=33000 WRITE state 0 -> 1
t=33000 WRITE state 1 -> 0
t=33000 WRITE state 0 -> 1
t=33000 WRITE state 1 -> 0
t=33000 WRITE state 0 -> 1
t=33000 WRITE state 1 -> 0
t=33000 WRITE state 0 -> 1
t=33000 WRITE state 1 -> 0
t=33000 WRITE state 0 -> 1
t=33000 WRITE state 1 -> 0
t=33000 WRITE state 0 -> 1
t=33000 WRITE state 1 -> 0
t=33000 WRITE state 0 -> 1
t=33000 WRITE state 1 -> 0
t=33000 WRITE state 0 -> 1
t=33000 WRITE state 1 -> 0
t=33000 WRITE state 0 -> 1
t=33000 WRITE state 1 -> 0
t=33000 WRITE state 0 -> 1
t=33000 WRITE state 1 -> 0
t=33000 WRITE state 0 -> 1
t=33000 WRITE state 1 -> 0
t=33000 WRITE state 0 -> 1
t=33000 WRITE state 1 -> 0
t=34000 WRITE state 0 -> 1
t=34000 WRITE state 1 -> 0
t=34000 WRITE state 0 -> 1
t=34000 WRITE state 1 -> 0
t=34000 WRITE state 0 -> 1
t=34000 WRITE state 1 -> 0
t=34000 WRITE state 0 -> 1
t=34000 WRITE state 1 -> 0
t=34000 WRITE state 0 -> 1
t=34000 WRITE state 1 -> 0
t=34000 WRITE state 0 -> 1
t=34000 WRITE state 1 -> 0
t=34000 WRITE state 0 -> 1
t=34000 WRITE state 1 -> 0
t=34000 WRITE state 0 -> 1
t=34000 WRITE state 1 -> 0
t=34000 WRITE state 0 -> 1
t=34000 WRITE state 1 -> 0
t=34000 WRITE state 0 -> 1
t=34000 WRITE state 1 -> 0
t=34000 WRITE state 0 -> 1
t=34000 WRITE state 1 -> 0
t=34000 WRITE state 0 -> 1
t=34000 WRITE state 1 -> 0
t=34000 WRITE state 0 -> 1
t=34000 WRITE state 1 -> 0
t=34000 WRITE state 0 -> 1
t=34000 WRITE state 1 -> 0
t=34000 WRITE state 0 -> 1
t=34000 WRITE state 1 -> 0
t=34000 WRITE state 0 -> 1
t=34000 WRITE state 1 -> 0
t=35000 WRITE state 0 -> 1
t=35000 WRITE state 1 -> 0
t=35000 WRITE state 0 -> 1
t=35000 WRITE state 1 -> 0
t=35000 WRITE state 0 -> 1
t=35000 WRITE state 1 -> 0
t=35000 WRITE state 0 -> 1
t=35000 WRITE state 1 -> 0
t=35000 WRITE state 0 -> 1
t=35000 WRITE state 1 -> 0
t=35000 WRITE state 0 -> 1
t=35000 WRITE state 1 -> 0
t=35000 WRITE state 0 -> 1
t=35000 WRITE state 1 -> 0
t=35000 WRITE state 0 -> 1
t=35000 WRITE state 1 -> 0
t=35000 WRITE state 0 -> 1
t=35000 WRITE state 1 -> 0
t=35000 WRITE state 0 -> 1
t=35000 WRITE state 1 -> 0
t=35000 WRITE state 0 -> 1
t=35000 WRITE state 1 -> 0
t=35000 WRITE state 0 -> 1
t=35000 WRITE state 1 -> 0
t=35000 WRITE state 0 -> 1
t=35000 WRITE state 1 -> 0
t=35000 WRITE state 0 -> 1
t=35000 WRITE state 1 -> 0
t=35000 WRITE state 0 -> 1
t=35000 WRITE state 1 -> 0
t=36000 WRITE state 0 -> 1
t=36000 WRITE state 1 -> 0
t=36000 WRITE state 0 -> 1
t=36000 WRITE state 1 -> 0
t=36000 WRITE state 0 -> 1
t=36000 WRITE state 1 -> 0
t=36000 WRITE state 0 -> 1
t=36000 WRITE state 1 -> 0
t=36000 WRITE state 0 -> 1
t=36000 WRITE state 1 -> 0
t=36000 WRITE state 0 -> 1
t=36000 WRITE state 1 -> 0
t=36000 WRITE state 0 -> 1
t=36000 WRITE state 1 -> 0
t=36000 WRITE state 0 -> 1
t=36000 WRITE state 1 -> 0
t=36000 WRITE state 0 -> 1
t=36000 WRITE state 1 -> 0
t=36000 WRITE state 0 -> 1
t=36000 WRITE state 1 -> 0
t=36000 WRITE state 0 -> 1
t=36000 WRITE state 1 -> 0
t=36000 WRITE state 0 -> 1
t=36000 WRITE state 1 -> 0
t=36000 WRITE state 0 -> 1
t=36000 WRITE state 1 -> 0
t=36000 WRITE state 0 -> 1
t=36000 WRITE state 1 -> 0
t=36000 WRITE state 0 -> 1
t=36000 WRITE state 1 -> 0
t=36000 WRITE state 0 -> 1
t=36000 WRITE state 1 -> 0
t=37000 WRITE state 0 -> 1
t=37000 WRITE state 1 -> 0
t=37000 WRITE state 0 -> 1
t=37000 WRITE state 1 -> 0
t=37000 WRITE state 0 -> 1
t=37000 WRITE state 1 -> 0
t=37000 WRITE state 0 -> 1
t=37000 WRITE state 1 -> 0
t=37000 WRITE state 0 -> 1
t=37000 WRITE state 1 -> 0
t=37000 WRITE state 0 -> 1
t=37000 WRITE state 1 -> 0
t=37000 WRITE state 0 -> 1
t=37000 WRITE state 1 -> 0
t=37000 WRITE state 0 -> 1
t=37000 WRITE state 1 -> 0
t=37000 WRITE state 0 -> 1
t=37000 WRITE state 1 -> 0
t=37000 WRITE state 0 -> 1
t=37000 WRITE state 1 -> 0
t=37000 WRITE state 0 -> 1
t=37000 WRITE state 1 -> 0
t=37000 WRITE state 0 -> 1
t=37000 WRITE state 1 -> 0
t=37000 WRITE state 0 -> 1
t=37000 WRITE state 1 -> 0
t=37000 WRITE state 0 -> 1
t=37000 WRITE state 1 -> 0
t=37000 WRITE state 0 -> 1
t=37000 WRITE state 1 -> 0
t=37000 WRITE state 0 -> 1
t=38000 WRITE state 1 -> 0
t=38000 WRITE state 0 -> 1
t=38000 WRITE state 1 -> 0
t=38000 WRITE state 0 -> 1
t=38000 WRITE state 1 -> 0
t=38000 WRITE state 0 -> 1
t=38000 WRITE state 1 -> 0
t=38000 WRITE state 0 -> 1
t=38000 WRITE state 1 -> 0
t=38000 WRITE state 0 -> 1
t=38000 WRITE state 1 -> 0
t=38000 WRITE state 0 -> 1
t=38000 WRITE state 1 -> 0
t=38000 WRITE state 0 -> 1
t=38000 WRITE state 1 -> 0
t=38000 WRITE state 0 -> 1
t=38000 WRITE state 1 -> 0
t=38000 WRITE state 0 -> 1
t=38000 WRITE state 1 -> 0
t=38000 WRITE state 0 -> 1
t=38000 WRITE state 1 -> 0
t=38000 WRITE state 0 -> 1
t=38000 WRITE state 1 -> 0
t=38000 WRITE state 0 -> 1
t=38000 WRITE state 1 -> 0
t=38000 WRITE state 0 -> 1
t=38000 WRITE state 1 -> 0
t=38000 WRITE state 0 -> 1
t=38000 WRITE state 1 -> 0
t=38000 WRITE state 0 -> 1
t=38000 WRITE state 1 -> 0
t=39000 WRITE state 0 -> 1
t=39000 WRITE state 1 -> 0
t=39000 WRITE state 0 -> 1
t=39000 WRITE state 1 -> 0
t=39000 WRITE state 0 -> 1
t=39000 WRITE state 1 -> 0
t=39000 WRITE state 0 -> 1
t=39000 WRITE state 1 -> 0
t=39000 WRITE state 0 -> 1
t=39000 WRITE state 1 -> 0
t=39000 WRITE state 0 -> 1
t=39000 WRITE state 1 -> 0
t=39000 WRITE state 0 -> 1
t=39000 WRITE state 1 -> 0
t=39000 WRITE state 0 -> 1
t=39000 WRITE state 1 -> 0
t=39000 WRITE state 0 -> 1
t=39000 WRITE state 1 -> 0
t=39000 WRITE state 0 -> 1
t=39000 WRITE state 1 -> 0
t=39000 WRITE state 0 -> 1
t=39000 WRITE state 1 -> 0
t=39000 WRITE state 0 -> 1
t=39000 WRITE state 1 -> 0
t=39000 WRITE state 0 -> 1
t=39000 WRITE state 1 -> 0
t=39000 WRITE state 0 -> 1
t=39000 WRITE state 1 -> 0
t=39000 WRITE state 0 -> 1
t=39000 WRITE state 1 -> 0
t=39000 WRITE state 0 -> 1
t=39000 WRITE state 1 -> 0
t=40000 WRITE state 0 -> 1
t=40000 WRITE state 1 -> 0
t=40000 WRITE state 0 -> 1
t=40000 WRITE state 1 -> 0
t=40000 WRITE state 0 -> 1
t=40000 WRITE state 1 -> 0
t=40000 WRITE state 0 -> 1
t=40000 WRITE state 1 -> 0
t=40000 WRITE state 0 -> 1
t=40000 WRITE state 1 -> 0
t=40000 WRITE state 0 -> 1
t=40000 WRITE state 1 -> 0
t=40000 WRITE state 0 -> 1
t=40000 WRITE state 1 -> 0
t=40000 WRITE state 0 -> 1
t=40000 WRITE state 1 -> 0
t=40000 WRITE state 0 -> 1
t=40000 WRITE state 1 -> 0
t=40000 WRITE state 0 -> 1
t=40000 WRITE state 1 -> 0
t=40000 WRITE state 0 -> 1
t=40000 WRITE state 1 -> 0
t=40000 WRITE state 0 -> 1
t=40000 WRITE state 1 -> 0
t=40000 WRITE state 0 -> 1
t=40000 WRITE state 1 -> 0
t=40000 WRITE state 0 -> 1
t=40000 WRITE state 1 -> 0
t=40000 WRITE state 0 -> 1
t=40000 WRITE state 1 -> 0
t=41000 WRITE state 0 -> 1
t=41000 WRITE state 1 -> 0
t=41000 WRITE state 0 -> 1
t=41000 WRITE state 1 -> 0
t=41000 WRITE state 0 -> 1
t=41000 WRITE state 1 -> 0
t=41000 WRITE state 0 -> 1
t=41000 WRITE state 1 -> 0
t=41000 WRITE state 0 -> 1
t=41000 WRITE state 1 -> 0
t=41000 WRITE state 0 -> 1
t=41000 WRITE state 1 -> 0
t=41000 WRITE state 0 -> 1
t=41000 WRITE state 1 -> 0
t=41000 WRITE state 0 -> 1
t=41000 WRITE state 1 -> 0
t=41000 WRITE state 0 -> 1
t=41000 WRITE state 1 -> 0
t=41000 WRITE state 0 -> 1
t=41000 WRITE state 1 -> 0
t=41000 WRITE state 0 -> 1
t=41000 WRITE state 1 -> 0
t=41000 WRITE state 0 -> 1
t=41000 WRITE state 1 -> 0
t=41000 WRITE state 0 -> 1
t=41000 WRITE state 1 -> 0
t=41000 WRITE state 0 -> 1
t=41000 WRITE state 1 -> 0
t=41000 WRITE state 0 -> 1
t=41000 WRITE state 1 -> 0
t=41000 WRITE state 0 -> 1
t=41000 WRITE state 1 -> 0
t=42000 WRITE state 0 -> 1
t=42000 WRITE state 1 -> 0
t=42000 WRITE state 0 -> 1
t=42000 WRITE state 1 -> 0
t=42000 WRITE state 0 -> 1
t=42000 WRITE state 1 -> 0
t=42000 WRITE state 0 -> 1
t=42000 WRITE state 1 -> 0
t=42000 WRITE state 0 -> 1
t=42000 WRITE state 1 -> 0
t=42000 WRITE state 0 -> 1
t=42000 WRITE state 1 -> 0
t=42000 WRITE state 0 -> 1
t=42000 WRITE state 1 -> 0
t=42000 WRITE state 0 -> 1
t=42000 WRITE state 1 -> 0
t=42000 WRITE state 0 -> 1
t=42000 WRITE state 1 -> 0
t=42000 WRITE state 0 -> 1
t=42000 WRITE state 1 -> 0
t=42000 WRITE state 0 -> 1
t=42000 WRITE state 1 -> 0
t=42000 WRITE state 0 -> 1
t=42000 WRITE state 1 -> 0
t=42000 WRITE state 0 -> 1
t=42000 WRITE state 1 -> 0
t=42000 WRITE state 0 -> 1
t=42000 WRITE state 1 -> 0
t=42000 WRITE state 0 -> 1
t=42000 WRITE state 1 -> 0
t=42000 WRITE state 0 -> 1
t=42000 WRITE state 1 -> 0
t=43000 WRITE state 0 -> 1
t=43000 WRITE state 1 -> 0
t=43000 WRITE state 0 -> 1
t=43000 WRITE state 1 -> 0
t=43000 WRITE state 0 -> 1
t=43000 WRITE state 1 -> 0
t=43000 WRITE state 0 -> 1
t=43000 WRITE state 1 -> 0
t=43000 WRITE state 0 -> 1
t=43000 WRITE state 1 -> 0
t=43000 WRITE state 0 -> 1
t=43000 WRITE state 1 -> 0
t=43000 WRITE state 0 -> 1
t=43000 WRITE state 1 -> 0
t=43000 WRITE state 0 -> 1
t=43000 WRITE state 1 -> 0
t=43000 WRITE state 0 -> 1
t=43000 WRITE state 1 -> 0
t=43000 WRITE state 0 -> 1
t=43000 WRITE state 1 -> 0
t=43000 WRITE state 0 -> 1
t=43000 WRITE state 1 -> 0
t=43000 WRITE state 0 -> 1
t=43000 WRITE state 1 -> 0
t=43000 WRITE state 0 -> 1
t=43000 WRITE state 1 -> 0
t=43000 WRITE state 0 -> 1
t=43000 WRITE state 1 -> 0
t=43000 WRITE state 0 -> 1
t=43000 WRITE state 1 -> 0
t=44000 WRITE state 0 -> 1
t=44000 WRITE state 1 -> 0
t=44000 WRITE state 0 -> 1
t=44000 WRITE state 1 -> 0
t=44000 WRITE state 0 -> 1
t=44000 WRITE state 1 -> 0
t=44000 WRITE state 0 -> 1
t=44000 WRITE state 1 -> 0
t=44000 WRITE state 0 -> 1
t=44000 WRITE state 1 -> 0
t=44000 WRITE state 0 -> 1
t=44000 WRITE state 1 -> 0
t=44000 WRITE state 0 -> 1
t=44000 WRITE state 1 -> 0
t=44000 WRITE state 0 -> 1
t=44000 WRITE state 1 -> 0
t=44000 WRITE state 0 -> 1
t=44000 WRITE state 1 -> 0
t=44000 WRITE state 0 -> 1
t=44000 WRITE state 1 -> 0
t=44000 WRITE state 0 -> 1
t=44000 WRITE state 1 -> 0
t=44000 WRITE state 0 -> 1
t=44000 WRITE state 1 -> 0
t=44000 WRITE state 0 -> 1
t=44000 WRITE state 1 -> 0
t=44000 WRITE state 0 -> 1
t=44000 WRITE state 1 -> 0
t=44000 WRITE state 0 -> 1
t=44000 WRITE state 1 -> 0
t=44000 WRITE state 0 -> 1
t=44000 WRITE state 1 -> 0
t=45000 WRITE state 0 -> 1
t=45000 WRITE state 1 -> 0
t=45000 WRITE state 0 -> 1
t=45000 WRITE state 1 -> 0
t=45000 WRITE state 0 -> 1
t=45000 WRITE state 1 -> 0
t=45000 WRITE state 0 -> 1
t=45000 WRITE state 1 -> 0
t=45000 WRITE state 0 -> 1
t=45000 WRITE state 1 -> 0
t=45000 WRITE state 0 -> 1
t=45000 WRITE state 1 -> 0
t=45000 WRITE state 0 -> 1
t=45000 WRITE state 1 -> 0
t=45000 WRITE state 0 -> 1
t=45000 WRITE state 1 -> 0
t=45000 WRITE state 0 -> 1
t=45000 WRITE state 1 -> 0
t=45000 WRITE state 0 -> 1
t=45000 WRITE state 1 -> 0
t=45000 WRITE state 0 -> 1
t=45000 WRITE state 1 -> 0
t=45000 WRITE state 0 -> 1
t=45000 WRITE state 1 -> 0
t=45000 WRITE state 0 -> 1
t=45000 WRITE state 1 -> 0
t=45000 WRITE state 0 -> 1
t=45000 WRITE state 1 -> 0
t=45000 WRITE state 0 -> 1
t=45000 WRITE state 1 -> 0
t=45000 WRITE state 0 -> 1
t=46000 WRITE state 1 -> 0
t=46000 WRITE state 0 -> 1
t=46000 WRITE state 1 -> 0
t=46000 WRITE state 0 -> 1
t=46000 WRITE state 1 -> 0
t=46000 WRITE state 0 -> 1
t=46000 WRITE state 1 -> 0
t=46000 WRITE state 0 -> 1
t=46000 WRITE state 1 -> 0
t=46000 WRITE state 0 -> 1
t=46000 WRITE state 1 -> 0
t=46000 WRITE state 0 -> 1
t=46000 WRITE state 1 -> 0
t=46000 WRITE state 0 -> 1
t=46000 WRITE state 1 -> 0
t=46000 WRITE state 0 -> 1
t=46000 WRITE state 1 -> 0
t=46000 WRITE state 0 -> 1
t=46000 WRITE state 1 -> 0
t=46000 WRITE state 0 -> 1
t=46000 WRITE state 1 -> 0
t=46000 WRITE state 0 -> 1
t=46000 WRITE state 1 -> 0
t=46000 WRITE state 0 -> 1
t=46000 WRITE state 1 -> 0
t=46000 WRITE state 0 -> 1
t=46000 WRITE state 1 -> 0
t=46000 WRITE state 0 -> 1
t=46000 WRITE state 1 -> 0
t=46000 WRITE state 0 -> 1
t=46000 WRITE state 1 -> 0
t=47000 WRITE state 0 -> 1
t=47000 WRITE state 1 -> 0
t=47000 WRITE state 0 -> 1
t=47000 WRITE state 1 -> 0
t=47000 WRITE state 0 -> 1
t=47000 WRITE state 1 -> 0
t=47000 WRITE state 0 -> 1
t=47000 WRITE state 1 -> 0
t=47000 WRITE state 0 -> 1
t=47000 WRITE state 1 -> 0
t=47000 WRITE state 0 -> 1
t=47000 WRITE state 1 -> 0
t=47000 WRITE state 0 -> 1
t=47000 WRITE state 1 -> 0
t=47000 WRITE state 0 -> 1
t=47000 WRITE state 1 -> 0
t=47000 WRITE state 0 -> 1
t=47000 WRITE state 1 -> 0
t=47000 WRITE state 0 -> 1
t=47000 WRITE state 1 -> 0
t=47000 WRITE state 0 -> 1
t=47000 WRITE state 1 -> 0
t=47000 WRITE state 0 -> 1
t=47000 WRITE state 1 -> 0
t=47000 WRITE state 0 -> 1
t=47000 WRITE state 1 -> 0
t=47000 WRITE state 0 -> 1
t=47000 WRITE state 1 -> 0
t=47000 WRITE state 0 -> 1
t=47000 WRITE state 1 -> 0
t=47000 WRITE state 0 -> 1
t=47000 WRITE state 1 -> 0
t=48000 WRITE state 0 -> 1
t=48000 WRITE state 1 -> 0
t=48000 WRITE state 0 -> 1
t=48000 WRITE state 1 -> 0
t=48000 WRITE state 0 -> 1
t=48000 WRITE state 1 -> 0
t=48000 WRITE state 0 -> 1
t=48000 WRITE state 1 -> 0
t=48000 WRITE state 0 -> 1
t=48000 WRITE state 1 -> 0
t=48000 WRITE state 0 -> 1
t=48000 WRITE state 1 -> 0
t=48000 WRITE state 0 -> 1
t=48000 WRITE state 1 -> 0
t=48000 WRITE state 0 -> 1
t=48000 WRITE state 1 -> 0
t=48000 WRITE state 0 -> 1
t=48000 WRITE state 1 -> 0
t=48000 WRITE state 0 -> 1
t=48000 WRITE state 1 -> 0
t=48000 WRITE state 0 -> 1
t=48000 WRITE state 1 -> 0
t=48000 WRITE state 0 -> 1
t=48000 WRITE state 1 -> 0
t=48000 WRITE state 0 -> 1
t=48000 WRITE state 1 -> 0
t=48000 WRITE state 0 -> 1
t=48000 WRITE state 1 -> 0
t=48000 WRITE state 0 -> 1
t=48000 WRITE state 1 -> 0
t=49000 WRITE state 0 -> 1
t=49000 WRITE state 1 -> 0
t=49000 WRITE state 0 -> 1
t=49000 WRITE state 1 -> 0
t=49000 WRITE state 0 -> 1
t=49000 WRITE state 1 -> 0
t=49000 WRITE state 0 -> 1
t=49000 WRITE state 1 -> 0
t=49000 WRITE state 0 -> 1
t=49000 WRITE state 1 -> 0
t=49000 WRITE state 0 -> 1
t=49000 WRITE state 1 -> 0
t=49000 WRITE state 0 -> 1
t=49000 WRITE state 1 -> 0
t=49000 WRITE state 0 -> 1
t=49000 WRITE state 1 -> 0
t=49000 WRITE state 0 -> 1
t=49000 WRITE state 1 -> 0
t=49000 WRITE state 0 -> 1
t=49000 WRITE state 1 -> 0
t=49000 WRITE state 0 -> 1
t=49000 WRITE state 1 -> 0
t=49000 WRITE state 0 -> 1
t=49000 WRITE state 1 -> 0
t=49000 WRITE state 0 -> 1
t=49000 WRITE state 1 -> 0
t=49000 WRITE state 0 -> 1
t=49000 WRITE state 1 -> 0
t=49000 WRITE state 0 -> 1
t=49000 WRITE state 1 -> 0
t=49000 WRITE state 0 -> 1
t=49000 WRITE state 1 -> 0
t=50000 WRITE state 0 -> 1
t=50000 WRITE state 1 -> 0
t=50000 WRITE state 0 -> 1
t=50000 WRITE state 1 -> 0
t=50000 WRITE state 0 -> 1
t=50000 WRITE state 1 -> 0
t=50000 WRITE state 0 -> 1
t=50000 WRITE state 1 -> 0
t=50000 WRITE state 0 -> 1
t=50000 WRITE state 1 -> 0
t=50000 WRITE state 0 -> 1
t=50000 WRITE state 1 -> 0
t=50000 WRITE state 0 -> 1
t=50000 WRITE state 1 -> 0
t=50000 WRITE state 0 -> 1
t=50000 WRITE state 1 -> 0
t=50000 WRITE state 0 -> 1
t=50000 WRITE state 1 -> 0
t=50000 WRITE state 0 -> 1
t=50000 WRITE state 1 -> 0
t=50000 WRITE state 0 -> 1
t=50000 WRITE state 1 -> 0
t=50000 WRITE state 0 -> 1
t=50000 WRITE state 1 -> 0
t=50000 WRITE state 0 -> 1
t=50000 WRITE state 1 -> 0
t=50000 WRITE state 0 -> 1
t=50000 WRITE state 1 -> 0
t=50000 WRITE state 0 -> 1
t=50000 WRITE state 1 -> 0
t=50000 WRITE state 0 -> 1
t=50000 WRITE state 1 -> 0
t=51000 WRITE state 0 -> 1
t=51000 WRITE state 1 -> 0
t=51000 WRITE state 0 -> 1
t=51000 WRITE state 1 -> 0
t=51000 WRITE state 0 -> 1
t=51000 WRITE state 1 -> 0
t=51000 WRITE state 0 -> 1
t=51000 WRITE state 1 -> 0
t=51000 WRITE state 0 -> 1
t=51000 WRITE state 1 -> 0
t=51000 WRITE state 0 -> 1
t=51000 WRITE state 1 -> 0
t=51000 WRITE state 0 -> 1
t=51000 WRITE state 1 -> 0
t=51000 WRITE state 0 -> 1
t=51000 WRITE state 1 -> 0
t=51000 WRITE state 0 -> 1
t=51000 WRITE state 1 -> 0
t=51000 WRITE state 0 -> 1
t=51000 WRITE state 1 -> 0
t=51000 WRITE state 0 -> 1
t=51000 WRITE state 1 -> 0
t=51000 WRITE state 0 -> 1
t=51000 WRITE state 1 -> 0
t=51000 WRITE state 0 -> 1
t=51000 WRITE state 1 -> 0
t=51000 WRITE state 0 -> 1
t=51000 WRITE state 1 -> 0
t=51000 WRITE state 0 -> 1
t=51000 WRITE state 1 -> 0
t=52000 WRITE state 0 -> 1
t=52000 WRITE state 1 -> 0
t=52000 WRITE state 0 -> 1
t=52000 WRITE state 1 -> 0
t=52000 WRITE state 0 -> 1
t=52000 WRITE state 1 -> 0
t=52000 WRITE state 0 -> 1
t=52000 WRITE state 1 -> 0
t=52000 WRITE state 0 -> 1
t=52000 WRITE state 1 -> 0
t=52000 WRITE state 0 -> 1
t=52000 WRITE state 1 -> 0
t=52000 WRITE state 0 -> 1
t=52000 WRITE state 1 -> 0
t=52000 WRITE state 0 -> 1
t=52000 WRITE state 1 -> 0
t=52000 WRITE state 0 -> 1
t=52000 WRITE state 1 -> 0
t=52000 WRITE state 0 -> 1
t=52000 WRITE state 1 -> 0
t=52000 WRITE state 0 -> 1
t=52000 WRITE state 1 -> 0
t=52000 WRITE state 0 -> 1
t=52000 WRITE state 1 -> 0
t=52000 WRITE state 0 -> 1
t=52000 WRITE state 1 -> 0
t=52000 WRITE state 0 -> 1
t=52000 WRITE state 1 -> 0
t=52000 WRITE state 0 -> 1
t=52000 WRITE state 1 -> 0
t=52000 WRITE state 0 -> 1
t=52000 WRITE state 1 -> 0
t=53000 WRITE state 0 -> 1
t=53000 WRITE state 1 -> 0
t=53000 WRITE state 0 -> 1
t=53000 WRITE state 1 -> 0
t=53000 WRITE state 0 -> 1
t=53000 WRITE state 1 -> 0
t=53000 WRITE state 0 -> 1
t=53000 WRITE state 1 -> 0
t=53000 WRITE state 0 -> 1
t=53000 WRITE state 1 -> 0
t=53000 WRITE state 0 -> 1
t=53000 WRITE state 1 -> 0
t=53000 WRITE state 0 -> 1
t=53000 WRITE state 1 -> 0
t=53000 WRITE state 0 -> 1
t=53000 WRITE state 1 -> 0
t=53000 WRITE state 0 -> 1
t=53000 WRITE state 1 -> 0
t=53000 WRITE state 0 -> 1
t=53000 WRITE state 1 -> 0
t=53000 WRITE state 0 -> 1
t=53000 WRITE state 1 -> 0
t=53000 WRITE state 0 -> 1
t=53000 WRITE state 1 -> 0
t=53000 WRITE state 0 -> 1
t=53000 WRITE state 1 -> 0
t=53000 WRITE state 0 -> 1
t=53000 WRITE state 1 -> 0
t=53000 WRITE state 0 -> 1
t=53000 WRITE state 1 -> 0
t=53000 WRITE state 0 -> 1
t=54000 WRITE state 1 -> 0
t=54000 WRITE state 0 -> 1
t=54000 WRITE state 1 -> 0
t=54000 WRITE state 0 -> 1
t=54000 WRITE state 1 -> 0
t=54000 WRITE state 0 -> 1
t=54000 WRITE state 1 -> 0
t=54000 WRITE state 0 -> 1
t=54000 WRITE state 1 -> 0
t=54000 WRITE state 0 -> 1
t=54000 WRITE state 1 -> 0
t=54000 WRITE state 0 -> 1
t=54000 WRITE state 1 -> 0
t=54000 WRITE state 0 -> 1
t=54000 WRITE state 1 -> 0
t=54000 WRITE state 0 -> 1
t=54000 WRITE state 1 -> 0
t=54000 WRITE state 0 -> 1
t=54000 WRITE state 1 -> 0
t=54000 WRITE state 0 -> 1
t=54000 WRITE state 1 -> 0
t=54000 WRITE state 0 -> 1
t=54000 WRITE state 1 -> 0
t=54000 WRITE state 0 -> 1
t=54000 WRITE state 1 -> 0
t=54000 WRITE state 0 -> 1
t=54000 WRITE state 1 -> 0
t=54000 WRITE state 0 -> 1
t=54000 WRITE state 1 -> 0
t=54000 WRITE state 0 -> 1
t=54000 WRITE state 1 -> 0
t=55000 WRITE state 0 -> 1
t=55000 WRITE state 1 -> 0
t=55000 WRITE state 0 -> 1
t=55000 WRITE state 1 -> 0
t=55000 WRITE state 0 -> 1
t=55000 WRITE state 1 -> 0
t=55000 WRITE state 0 -> 1
t=55000 WRITE state 1 -> 0
t=55000 WRITE state 0 -> 1
t=55000 WRITE state 1 -> 0
t=55000 WRITE state 0 -> 1
t=55000 WRITE state 1 -> 0
t=55000 WRITE state 0 -> 1
t=55000 WRITE state 1 -> 0
t=55000 WRITE state 0 -> 1
t=55000 WRITE state 1 -> 0
t=55000 WRITE state 0 -> 1
t=55000 WRITE state 1 -> 0
t=55000 WRITE state 0 -> 1
t=55000 WRITE state 1 -> 0
t=55000 WRITE state 0 -> 1
t=55000 WRITE state 1 -> 0
t=55000 WRITE state 0 -> 1
t=55000 WRITE state 1 -> 0
t=55000 WRITE state 0 -> 1
t=55000 WRITE state 1 -> 0
t=55000 WRITE state 0 -> 1
t=55000 WRITE state 1 -> 0
t=55000 WRITE state 0 -> 1
t=55000 WRITE state 1 -> 0
t=55000 WRITE state 0 -> 1
t=55000 WRITE state 1 -> 0
t=56000 WRITE state 0 -> 1
t=56000 WRITE state 1 -> 0
t=56000 WRITE state 0 -> 1
t=56000 WRITE state 1 -> 0
t=56000 WRITE state 0 -> 1
t=56000 WRITE state 1 -> 0
t=56000 WRITE state 0 -> 1
t=56000 WRITE state 1 -> 0
t=56000 WRITE state 0 -> 1
t=56000 WRITE state 1 -> 0
t=56000 WRITE state 0 -> 1
t=56000 WRITE state 1 -> 0
t=56000 WRITE state 0 -> 1
t=56000 WRITE state 1 -> 0
t=56000 WRITE state 0 -> 1
t=56000 WRITE state 1 -> 0
t=56000 WRITE state 0 -> 1
t=56000 WRITE state 1 -> 0
t=56000 WRITE state 0 -> 1
t=56000 WRITE state 1 -> 0
t=56000 WRITE state 0 -> 1
t=56000 WRITE state 1 -> 0
t=56000 WRITE state 0 -> 1
t=56000 WRITE state 1 -> 0
t=56000 WRITE state 0 -> 1
t=56000 WRITE state 1 -> 0
t=56000 WRITE state 0 -> 1
t=56000 WRITE state 1 -> 0
t=56000 WRITE state 0 -> 1
t=56000 WRITE state 1 -> 0
t=57000 WRITE state 0 -> 1
t=57000 WRITE state 1 -> 0
t=57000 WRITE state 0 -> 1
t=57000 WRITE state 1 -> 0
t=57000 WRITE state 0 -> 1
t=57000 WRITE state 1 -> 0
t=57000 WRITE state 0 -> 1
t=57000 WRITE state 1 -> 0
t=57000 WRITE state 0 -> 1
t=57000 WRITE state 1 -> 0
t=57000 WRITE state 0 -> 1
t=57000 WRITE state 1 -> 0
t=57000 WRITE state 0 -> 1
t=57000 WRITE state 1 -> 0
t=57000 WRITE state 0 -> 1
t=57000 WRITE state 1 -> 0
t=57000 WRITE state 0 -> 1
t=57000 WRITE state 1 -> 0
t=57000 WRITE state 0 -> 1
t=57000 WRITE state 1 -> 0
t=57000 WRITE state 0 -> 1
t=57000 WRITE state 1 -> 0
t=57000 WRITE state 0 -> 1
t=57000 WRITE state 1 -> 0
t=57000 WRITE state 0 -> 1
t=57000 WRITE state 1 -> 0
t=57000 WRITE state 0 -> 1
t=57000 WRITE state 1 -> 0
t=57000 WRITE state 0 -> 1
t=57000 WRITE state 1 -> 0
t=57000 WRITE state 0 -> 1
t=57000 WRITE state 1 -> 0
t=58000 WRITE state 0 -> 1
t=58000 WRITE state 1 -> 0
t=58000 WRITE state 0 -> 1
t=58000 WRITE state 1 -> 0
t=58000 WRITE state 0 -> 1
t=58000 WRITE state 1 -> 0
t=58000 WRITE state 0 -> 1
t=58000 WRITE state 1 -> 0
t=58000 WRITE state 0 -> 1
t=58000 WRITE state 1 -> 0
t=58000 WRITE state 0 -> 1
t=58000 WRITE state 1 -> 0
t=58000 WRITE state 0 -> 1
t=58000 WRITE state 1 -> 0
t=58000 WRITE state 0 -> 1
t=58000 WRITE state 1 -> 0
t=58000 WRITE state 0 -> 1
t=58000 WRITE state 1 -> 0
t=58000 WRITE state 0 -> 1
t=58000 WRITE state 1 -> 0
t=58000 WRITE state 0 -> 1
t=58000 WRITE state 1 -> 0
t=58000 WRITE state 0 -> 1
t=58000 WRITE state 1 -> 0
t=58000 WRITE state 0 -> 1
t=58000 WRITE state 1 -> 0
t=58000 WRITE state 0 -> 1
t=58000 WRITE state 1 -> 0
t=58000 WRITE state 0 -> 1
t=58000 WRITE state 1 -> 0
t=58000 WRITE state 0 -> 1
t=58000 WRITE state 1 -> 0
t=59000 WRITE state 0 -> 1
t=59000 WRITE state 1 -> 0
t=59000 WRITE state 0 -> 1
t=59000 WRITE state 1 -> 0
t=59000 WRITE state 0 -> 1
t=59000 WRITE state 1 -> 0
t=59000 WRITE state 0 -> 1
t=59000 WRITE state 1 -> 0
t=59000 WRITE state 0 -> 1
t=59000 WRITE state 1 -> 0
t=59000 WRITE state 0 -> 1
t=59000 WRITE state 1 -> 0
t=59000 WRITE state 0 -> 1
t=59000 WRITE state 1 -> 0
t=59000 WRITE state 0 -> 1
t=59000 WRITE state 1 -> 0
t=59000 WRITE state 0 -> 1
t=59000 WRITE state 1 -> 0
t=59000 WRITE state 0 -> 1
t=59000 WRITE state 1 -> 0
t=59000 WRITE state 0 -> 1
t=59000 WRITE state 1 -> 0
t=59000 WRITE state 0 -> 1
t=59000 WRITE state 1 -> 0
t=59000 WRITE state 0 -> 1
t=59000 WRITE state 1 -> 0
t=59000 WRITE state 0 -> 1
t=59000 WRITE state 1 -> 0
t=59000 WRITE state 0 -> 1
t=59000 WRITE state 1 -> 0
t=60000 WRITE state 0 -> 1
t=60000 WRITE state 1 -> 0
t=60000 WRITE state 0 -> 1
t=60000 WRITE state 1 -> 0
t=60000 WRITE state 0 -> 1
t=60000 WRITE state 1 -> 0
t=60000 WRITE state 0 -> 1
t=60000 WRITE state 1 -> 0
t=60000 WRITE state 0 -> 1
t=60000 WRITE state 1 -> 0
t=60000 WRITE state 0 -> 1
t=60000 WRITE state 1 -> 0
t=60000 WRITE state 0 -> 1
t=60000 WRITE state 1 -> 0
t=60000 WRITE state 0 -> 1
t=60000 WRITE state 1 -> 0
t=60000 WRITE state 0 -> 1
t=60000 WRITE state 1 -> 0
t=60000 WRITE state 0 -> 1
t=60000 WRITE state 1 -> 0
t=60000 WRITE state 0 -> 1
t=60000 WRITE state 1 -> 0
t=60000 WRITE state 0 -> 1
t=60000 WRITE state 1 -> 0
t=60000 WRITE state 0 -> 1
t=60000 WRITE state 1 -> 0
t=60000 WRITE state 0 -> 1
t=60000 WRITE state 1 -> 0
t=60000 WRITE state 0 -> 1
t=60000 WRITE state 1 -> 0
t=60000 WRITE state 0 -> 1
t=60000 WRITE state 1 -> 0
t=61000 WRITE state 0 -> 1
t=61000 WRITE state 1 -> 0
t=61000 WRITE state 0 -> 1
t=61000 WRITE state 1 -> 0
t=61000 WRITE state 0 -> 1
t=61000 WRITE state 1 -> 0
t=61000 WRITE state 0 -> 1
t=61000 WRITE state 1 -> 0
t=61000 WRITE state 0 -> 1
t=61000 WRITE state 1 -> 0
t=61000 WRITE state 0 -> 1
t=61000 WRITE state 1 -> 0
t=61000 WRITE state 0 -> 1
t=61000 WRITE state 1 -> 0
t=61000 WRITE state 0 -> 1
t=61000 WRITE state 1 -> 0
t=61000 WRITE state 0 -> 1
t=61000 WRITE state 1 -> 0
t=61000 WRITE state 0 -> 1
t=61000 WRITE state 1 -> 0
t=61000 WRITE state 0 -> 1
t=61000 WRITE state 1 -> 0
t=61000 WRITE state 0 -> 1
t=61000 WRITE state 1 -> 0
t=61000 WRITE state 0 -> 1
t=61000 WRITE state 1 -> 0
t=61000 WRITE state 0 -> 1
t=61000 WRITE state 1 -> 0
t=61000 WRITE state 0 -> 1
t=61000 WRITE state 1 -> 0
t=61000 WRITE state 0 -> 1
t=62000 WRITE state 1 -> 0
t=62000 WRITE state 0 -> 1
t=62000 WRITE state 1 -> 0
t=62000 WRITE state 0 -> 1
t=62000 WRITE state 1 -> 0
t=62000 WRITE state 0 -> 1
t=62000 WRITE state 1 -> 0
t=62000 WRITE state 0 -> 1
t=62000 WRITE state 1 -> 0
t=62000 WRITE state 0 -> 1
t=62000 WRITE state 1 -> 0
t=62000 WRITE state 0 -> 1
t=62000 WRITE state 1 -> 0
t=62000 WRITE state 0 -> 1
t=62000 WRITE state 1 -> 0
t=62000 WRITE state 0 -> 1
t=62000 WRITE state 1 -> 0
t=62000 WRITE state 0 -> 1
t=62000 WRITE state 1 -> 0
t=62000 WRITE state 0 -> 1
t=62000 WRITE state 1 -> 0
t=62000 WRITE state 0 -> 1
t=62000 WRITE state 1 -> 0
t=62000 WRITE state 0 -> 1
t=62000 WRITE state 1 -> 0
t=62000 WRITE state 0 -> 1
t=62000 WRITE state 1 -> 0
t=62000 WRITE state 0 -> 1
t=62000 WRITE state 1 -> 0
t=62000 WRITE state 0 -> 1
t=62000 WRITE state 1 -> 0
t=63000 WRITE state 0 -> 1
t=63000 WRITE state 1 -> 0
t=63000 WRITE state 0 -> 1
t=63000 WRITE state 1 -> 0
t=63000 WRITE state 0 -> 1
t=63000 WRITE state 1 -> 0
t=63000 WRITE state 0 -> 1
t=63000 WRITE state 1 -> 0
t=63000 WRITE state 0 -> 1
t=63000 WRITE state 1 -> 0
t=63000 WRITE state 0 -> 1
t=63000 WRITE state 1 -> 0
t=63000 WRITE state 0 -> 1
t=63000 WRITE state 1 -> 0
t=63000 WRITE state 0 -> 1
t=63000 WRITE state 1 -> 0
t=63000 WRITE state 0 -> 1
t=63000 WRITE state 1 -> 0
t=63000 WRITE state 0 -> 1
t=63000 WRITE state 1 -> 0
t=63000 WRITE state 0 -> 1
t=63000 WRITE state 1 -> 0
t=63000 WRITE state 0 -> 1
t=63000 WRITE state 1 -> 0
t=63000 WRITE state 0 -> 1
t=63000 WRITE state 1 -> 0
t=63000 WRITE state 0 -> 1
t=63000 WRITE state 1 -> 0
t=63000 WRITE state 0 -> 1
t=63000 WRITE state 1 -> 0
t=63000 WRITE state 0 -> 1
t=63000 WRITE state 1 -> 0
t=64000 WRITE state 0 -> 1
t=64000 WRITE state 1 -> 0
t=64000 WRITE state 0 -> 1
t=64000 WRITE state 1 -> 0
t=64000 WRITE state 0 -> 1
t=64000 WRITE state 1 -> 0
t=64000 WRITE state 0 -> 1
t=64000 WRITE state 1 -> 0
t=64000 WRITE state 0 -> 1
t=64000 WRITE state 1 -> 0
t=64000 WRITE state 0 -> 1
t=64000 WRITE state 1 -> 0
t=64000 WRITE state 0 -> 1
t=64000 WRITE state 1 -> 0
t=64000 WRITE state 0 -> 1
t=64000 WRITE state 1 -> 0
t=64000 WRITE state 0 -> 1
t=64000 WRITE state 1 -> 0
t=64000 WRITE state 0 -> 1
t=64000 WRITE state 1 -> 0
t=64000 WRITE state 0 -> 1
t=64000 WRITE state 1 -> 0
t=64000 WRITE state 0 -> 1
t=64000 WRITE state 1 -> 0
t=64000 WRITE state 0 -> 1
t=64000 WRITE state 1 -> 0
t=64000 WRITE state 0 -> 1
t=64000 WRITE state 1 -> 0
t=64000 WRITE state 0 -> 1
t=64000 WRITE state 1 -> 0
t=65000 WRITE state 0 -> 1
t=65000 WRITE state 1 -> 0
t=65000 WRITE state 0 -> 1
t=65000 WRITE state 1 -> 0
t=65000 WRITE state 0 -> 1
t=65000 WRITE state 1 -> 0
t=65000 WRITE state 0 -> 1
t=65000 WRITE state 1 -> 0
t=65000 WRITE state 0 -> 1
t=65000 WRITE state 1 -> 0
t=65000 WRITE state 0 -> 1
t=65000 WRITE state 1 -> 0
t=65000 WRITE state 0 -> 1
t=65000 WRITE state 1 -> 0
t=65000 WRITE state 0 -> 1
t=65000 WRITE state 1 -> 0
t=65000 WRITE state 0 -> 1
t=65000 WRITE state 1 -> 0
t=65000 WRITE state 0 -> 1
t=65000 WRITE state 1 -> 0
t=65000 WRITE state 0 -> 1
t=65000 WRITE state 1 -> 0
t=65000 WRITE state 0 -> 1
t=65000 WRITE state 1 -> 0
t=65000 WRITE state 0 -> 1
t=65000 WRITE state 1 -> 0
t=65000 WRITE state 0 -> 1
t=65000 WRITE state 1 -> 0
t=65000 WRITE state 0 -> 1
t=65000 WRITE state 1 -> 0
t=65000 WRITE state 0 -> 1
t=65000 WRITE state 1 -> 0
t=66000 WRITE state 0 -> 1
t=66000 WRITE state 1 -> 0
correct_V = 1
Cycles=143385
Passed!
-- DONE --------------------
