TESTING: /Users/ricksarkar/Spring26/CS3220/Labs/lab2/test/part2/add.mem
Passed!
TESTING: /Users/ricksarkar/Spring26/CS3220/Labs/lab2/test/part2/addi.mem
Passed!
TESTING: /Users/ricksarkar/Spring26/CS3220/Labs/lab2/test/part2/auipc.mem
Passed!
TESTING: /Users/ricksarkar/Spring26/CS3220/Labs/lab2/test/part2/beq.mem
Passed!
TESTING: /Users/ricksarkar/Spring26/CS3220/Labs/lab2/test/part2/bge.mem
Passed!
TESTING: /Users/ricksarkar/Spring26/CS3220/Labs/lab2/test/part2/jal.mem
Passed!
TESTING: /Users/ricksarkar/Spring26/CS3220/Labs/lab2/test/part2/jalr.mem
Passed!
TESTING: /Users/ricksarkar/Spring26/CS3220/Labs/lab2/test/part2/test7.mem
Passed!
TESTING: /Users/ricksarkar/Spring26/CS3220/Labs/lab2/test/part2/test8.mem
Passed!
TESTING: /Users/ricksarkar/Spring26/CS3220/Labs/lab2/test/part2/test9.mem
Passed!
